2019-02-03 18:06:46 +0000  Initial pipeline context: <IDEDistributionProcessingPipelineContext: 0x7fb8a7548a00; archive(resolved)='<IDEArchive: 0x7fb8a8bafc20>', distributionTask(resolved)='2', distributionDestination(resolved)='1', distributionMethod(resolved)='<IDEDistributionMethodDeveloperID: 0x7fb8a8206cb0>', team(resolved)='<IDEProvisioningDisambiguatableBasicTeam: 0x7fb8ba74a050; teamID='TA757FA6NR', teamName='JEASUNG LEE', teamType='Individual', username='kaskay77@gmail.com', isFreeProvisioningTeam='0'>'>
	Chain (11, self inclusive):
	<IDEDistributionProcessingPipelineContext: 0x7fb8a7548a00; archive = '<IDEArchive: 0x7fb8a8bafc20>', distributionMethod='<IDEDistributionMethodDeveloperID: 0x7fb8a8206cb0>', team='<IDEProvisioningDisambiguatableBasicTeam: 0x7fb8ba74a050; teamID='TA757FA6NR', teamName='JEASUNG LEE', teamType='Individual', username='kaskay77@gmail.com', isFreeProvisioningTeam='0'>'>
	<IDEDistributionProcessingPipelineContext: 0x7fb8a8bf2730; archive = '<IDEArchive: 0x7fb8a8bafc20>', distributionMethod='<IDEDistributionMethodDeveloperID: 0x7fb8a8206cb0>', team='<IDEProvisioningDisambiguatableBasicTeam: 0x7fb8ba74a050; teamID='TA757FA6NR', teamName='JEASUNG LEE', teamType='Individual', username='kaskay77@gmail.com', isFreeProvisioningTeam='0'>'>
	<IDEDistributionContext: 0x7fb8a77a0510; archive = '<IDEArchive: 0x7fb8a8bafc20>', distributionMethod='<IDEDistributionMethodDeveloperID: 0x7fb8a8206cb0>', team='<IDEProvisioningDisambiguatableBasicTeam: 0x7fb8ba74a050; teamID='TA757FA6NR', teamName='JEASUNG LEE', teamType='Individual', username='kaskay77@gmail.com', isFreeProvisioningTeam='0'>'>
	<IDEDistributionContext: 0x7fb8a735f080; archive = '<IDEArchive: 0x7fb8a8bafc20>', distributionMethod='<IDEDistributionMethodDeveloperID: 0x7fb8a8206cb0>', team='<IDEProvisioningDisambiguatableBasicTeam: 0x7fb8ba74a050; teamID='TA757FA6NR', teamName='JEASUNG LEE', teamType='Individual', username='kaskay77@gmail.com', isFreeProvisioningTeam='0'>'>
	<IDEDistributionContext: 0x7fb8bb6d6e40; archive = '<IDEArchive: 0x7fb8a8bafc20>', distributionMethod='<IDEDistributionMethodDeveloperID: 0x7fb8a8206cb0>', team='<IDEProvisioningDisambiguatableBasicTeam: 0x7fb8ba74a050; teamID='TA757FA6NR', teamName='JEASUNG LEE', teamType='Individual', username='kaskay77@gmail.com', isFreeProvisioningTeam='0'>'>
	<IDEDistributionContext: 0x7fb8a76783d0; archive = '<IDEArchive: 0x7fb8a8bafc20>', distributionMethod='<IDEDistributionMethodDeveloperID: 0x7fb8a8206cb0>', team='<IDEProvisioningDisambiguatableBasicTeam: 0x7fb8ba74a050; teamID='TA757FA6NR', teamName='JEASUNG LEE', teamType='Individual', username='kaskay77@gmail.com', isFreeProvisioningTeam='0'>'>
	<IDEDistributionContext: 0x7fb8a7685b40; archive = '<IDEArchive: 0x7fb8a8bafc20>', distributionMethod='<IDEDistributionMethodDeveloperID: 0x7fb8a8206cb0>', team='<IDEProvisioningDisambiguatableBasicTeam: 0x7fb8ba74a050; teamID='TA757FA6NR', teamName='JEASUNG LEE', teamType='Individual', username='kaskay77@gmail.com', isFreeProvisioningTeam='0'>'>
	<IDEDistributionContext: 0x7fb8a83df3e0; archive = '<IDEArchive: 0x7fb8a8bafc20>', distributionMethod='<IDEDistributionMethodDeveloperID: 0x7fb8a8206cb0>', team='<IDEProvisioningDisambiguatableBasicTeam: 0x7fb8ba74a050; teamID='TA757FA6NR', teamName='JEASUNG LEE', teamType='Individual', username='kaskay77@gmail.com', isFreeProvisioningTeam='0'>'>
	<IDEDistributionContext: 0x7fb8a7678250; archive = '<IDEArchive: 0x7fb8a8bafc20>', distributionMethod='<IDEDistributionMethodDeveloperID: 0x7fb8a8206cb0>', team='(null)'>
	<IDEDistributionContext: 0x7fb8a375eff0; archive = '<IDEArchive: 0x7fb8a8bafc20>', distributionMethod='<IDEDistributionMethodDeveloperID: 0x7fb8a8206cb0>', team='(null)'>
	<IDEDistributionContext: 0x7fb8a82db020; archive = '<IDEArchive: 0x7fb8a8bafc20>', distributionMethod='(null)', team='(null)'>
</IDEDistributionProcessingPipelineContext: 0x7fb8a7548a00>
2019-02-03 18:06:46 +0000  Processing step: IDEDistributionCreateDestRootStep
2019-02-03 18:06:46 +0000  Processing step: IDEDistributionCopyItemStep
2019-02-03 18:06:46 +0000  Running /usr/bin/ditto '-V' '/Users/ijaeseong/Library/Developer/Xcode/Archives/2019-02-04/JercyProjectMaster 04-02-2019, 3.06 AM.xcarchive/Products/Applications/JercyProjectMaster.app' '/var/folders/1w/4sc9hdk517nd12m1z04f8l240000gn/T/XcodeDistPipeline.srj/Root/Applications/JercyProjectMaster.app'
2019-02-03 18:06:46 +0000  >>> Copying /Users/ijaeseong/Library/Developer/Xcode/Archives/2019-02-04/JercyProjectMaster 04-02-2019, 3.06 AM.xcarchive/Products/Applications/JercyProjectMaster.app 
2019-02-03 18:06:46 +0000  copying file ./Contents/_CodeSignature/CodeResources ... 
2019-02-03 18:06:46 +0000  12665 bytes for ./Contents/_CodeSignature/CodeResources
2019-02-03 18:06:46 +0000  copying file ./Contents/MacOS/JercyProjectMaster ... 
2019-02-03 18:06:46 +0000  147984 bytes for ./Contents/MacOS/JercyProjectMaster
2019-02-03 18:06:46 +0000  copying file ./Contents/Resources/AppIcon.icns ... 
2019-02-03 18:06:46 +0000  104952 bytes for ./Contents/Resources/AppIcon.icns
2019-02-03 18:06:46 +0000  copying file ./Contents/Resources/Base.lproj/Main.storyboardc/dX2-hK-S36-view-IaO-Ta-R1C.nib ... 
2019-02-03 18:06:46 +0000  13524 bytes for ./Contents/Resources/Base.lproj/Main.storyboardc/dX2-hK-S36-view-IaO-Ta-R1C.nib
2019-02-03 18:06:46 +0000  copying file ./Contents/Resources/Base.lproj/Main.storyboardc/SwiftLintViewController.nib ... 
2019-02-03 18:06:46 +0000  2056 bytes for ./Contents/Resources/Base.lproj/Main.storyboardc/SwiftLintViewController.nib
copying file ./Contents/Resources/Base.lproj/Main.storyboardc/CocoapodsViewController.nib ... 
2019-02-03 18:06:46 +0000  2056 bytes for ./Contents/Resources/Base.lproj/Main.storyboardc/CocoapodsViewController.nib
copying file ./Contents/Resources/Base.lproj/Main.storyboardc/MainMenu.nib ... 
2019-02-03 18:06:46 +0000  36346 bytes for ./Contents/Resources/Base.lproj/Main.storyboardc/MainMenu.nib
2019-02-03 18:06:46 +0000  copying file ./Contents/Resources/Base.lproj/Main.storyboardc/XfG-lQ-9wD-view-m2S-Jp-Qdl.nib ... 
2019-02-03 18:06:46 +0000  12746 bytes for ./Contents/Resources/Base.lproj/Main.storyboardc/XfG-lQ-9wD-view-m2S-Jp-Qdl.nib
2019-02-03 18:06:46 +0000  copying file ./Contents/Resources/Base.lproj/Main.storyboardc/NSWindowController-B8D-0N-5wS.nib ... 
2019-02-03 18:06:46 +0000  3678 bytes for ./Contents/Resources/Base.lproj/Main.storyboardc/NSWindowController-B8D-0N-5wS.nib
2019-02-03 18:06:46 +0000  copying file ./Contents/Resources/Base.lproj/Main.storyboardc/52A-DT-Qlf-view-rhe-he-Vep.nib ... 
2019-02-03 18:06:46 +0000  33560 bytes for ./Contents/Resources/Base.lproj/Main.storyboardc/52A-DT-Qlf-view-rhe-he-Vep.nib
2019-02-03 18:06:46 +0000  copying file ./Contents/Resources/Base.lproj/Main.storyboardc/Info.plist ... 
2019-02-03 18:06:46 +0000  647 bytes for ./Contents/Resources/Base.lproj/Main.storyboardc/Info.plist
2019-02-03 18:06:46 +0000  copying file ./Contents/Resources/Assets.car ... 
2019-02-03 18:06:46 +0000  909816 bytes for ./Contents/Resources/Assets.car
2019-02-03 18:06:46 +0000  copying symlink ./Contents/Frameworks/PathKit.framework/Resources ... 
2019-02-03 18:06:46 +0000  linked ./Contents/Frameworks/PathKit.framework/Resources
2019-02-03 18:06:46 +0000  copying file ./Contents/Frameworks/PathKit.framework/Versions/A/_CodeSignature/CodeResources ... 
2019-02-03 18:06:46 +0000  2514 bytes for ./Contents/Frameworks/PathKit.framework/Versions/A/_CodeSignature/CodeResources
2019-02-03 18:06:46 +0000  copying file ./Contents/Frameworks/PathKit.framework/Versions/A/Resources/Info.plist ... 
2019-02-03 18:06:46 +0000  1219 bytes for ./Contents/Frameworks/PathKit.framework/Versions/A/Resources/Info.plist
2019-02-03 18:06:46 +0000  copying file ./Contents/Frameworks/PathKit.framework/Versions/A/PathKit ... 
2019-02-03 18:06:46 +0000  298864 bytes for ./Contents/Frameworks/PathKit.framework/Versions/A/PathKit
2019-02-03 18:06:46 +0000  copying symlink ./Contents/Frameworks/PathKit.framework/Versions/Current ... 
2019-02-03 18:06:46 +0000  linked ./Contents/Frameworks/PathKit.framework/Versions/Current
copying symlink ./Contents/Frameworks/PathKit.framework/PathKit ... 
2019-02-03 18:06:46 +0000  linked ./Contents/Frameworks/PathKit.framework/PathKit
2019-02-03 18:06:46 +0000  copying file ./Contents/Frameworks/libswiftAppKit.dylib ... 
2019-02-03 18:06:46 +0000  241232 bytes for ./Contents/Frameworks/libswiftAppKit.dylib
2019-02-03 18:06:46 +0000  copying file ./Contents/Frameworks/libswiftCoreImage.dylib ... 
2019-02-03 18:06:46 +0000  49360 bytes for ./Contents/Frameworks/libswiftCoreImage.dylib
2019-02-03 18:06:46 +0000  copying file ./Contents/Frameworks/libswiftObjectiveC.dylib ... 
2019-02-03 18:06:46 +0000  61008 bytes for ./Contents/Frameworks/libswiftObjectiveC.dylib
2019-02-03 18:06:46 +0000  copying file ./Contents/Frameworks/libswiftXPC.dylib ... 
2019-02-03 18:06:46 +0000  44944 bytes for ./Contents/Frameworks/libswiftXPC.dylib
2019-02-03 18:06:46 +0000  copying symlink ./Contents/Frameworks/AEXML.framework/Resources ... 
2019-02-03 18:06:46 +0000  linked ./Contents/Frameworks/AEXML.framework/Resources
2019-02-03 18:06:46 +0000  copying file ./Contents/Frameworks/AEXML.framework/Versions/A/_CodeSignature/CodeResources ... 
2019-02-03 18:06:46 +0000  2514 bytes for ./Contents/Frameworks/AEXML.framework/Versions/A/_CodeSignature/CodeResources
2019-02-03 18:06:46 +0000  copying file ./Contents/Frameworks/AEXML.framework/Versions/A/Resources/Info.plist ... 
2019-02-03 18:06:46 +0000  1213 bytes for ./Contents/Frameworks/AEXML.framework/Versions/A/Resources/Info.plist
2019-02-03 18:06:46 +0000  copying file ./Contents/Frameworks/AEXML.framework/Versions/A/AEXML ... 
2019-02-03 18:06:46 +0000  212272 bytes for ./Contents/Frameworks/AEXML.framework/Versions/A/AEXML
2019-02-03 18:06:46 +0000  copying symlink ./Contents/Frameworks/AEXML.framework/Versions/Current ... 
2019-02-03 18:06:46 +0000  linked ./Contents/Frameworks/AEXML.framework/Versions/Current
copying symlink ./Contents/Frameworks/AEXML.framework/AEXML ... 
2019-02-03 18:06:46 +0000  linked ./Contents/Frameworks/AEXML.framework/AEXML
2019-02-03 18:06:46 +0000  copying file ./Contents/Frameworks/libswiftCore.dylib ... 
2019-02-03 18:06:46 +0000  6553216 bytes for ./Contents/Frameworks/libswiftCore.dylib
2019-02-03 18:06:46 +0000  copying file ./Contents/Frameworks/libswiftCoreGraphics.dylib ... 
202112 bytes for ./Contents/Frameworks/libswiftCoreGraphics.dylib
copying file ./Contents/Frameworks/libswiftMetal.dylib ... 
2019-02-03 18:06:46 +0000  92400 bytes for ./Contents/Frameworks/libswiftMetal.dylib
copying file ./Contents/Frameworks/libswiftCoreData.dylib ... 
2019-02-03 18:06:46 +0000  98400 bytes for ./Contents/Frameworks/libswiftCoreData.dylib
copying file ./Contents/Frameworks/libswiftDispatch.dylib ... 
2019-02-03 18:06:46 +0000  345920 bytes for ./Contents/Frameworks/libswiftDispatch.dylib
copying file ./Contents/Frameworks/libswiftos.dylib ... 
2019-02-03 18:06:46 +0000  74624 bytes for ./Contents/Frameworks/libswiftos.dylib
copying file ./Contents/Frameworks/libswiftCoreFoundation.dylib ... 
2019-02-03 18:06:46 +0000  41120 bytes for ./Contents/Frameworks/libswiftCoreFoundation.dylib
2019-02-03 18:06:46 +0000  copying file ./Contents/Frameworks/libswiftDarwin.dylib ... 
2019-02-03 18:06:46 +0000  106432 bytes for ./Contents/Frameworks/libswiftDarwin.dylib
copying file ./Contents/Frameworks/libswiftQuartzCore.dylib ... 
2019-02-03 18:06:46 +0000  58368 bytes for ./Contents/Frameworks/libswiftQuartzCore.dylib
copying file ./Contents/Frameworks/libswiftIOKit.dylib ... 
2019-02-03 18:06:46 +0000  45008 bytes for ./Contents/Frameworks/libswiftIOKit.dylib
2019-02-03 18:06:46 +0000  copying symlink ./Contents/Frameworks/xcodeproj.framework/xcodeproj ... 
2019-02-03 18:06:46 +0000  linked ./Contents/Frameworks/xcodeproj.framework/xcodeproj
copying symlink ./Contents/Frameworks/xcodeproj.framework/Resources ... 
2019-02-03 18:06:46 +0000  linked ./Contents/Frameworks/xcodeproj.framework/Resources
2019-02-03 18:06:46 +0000  copying file ./Contents/Frameworks/xcodeproj.framework/Versions/A/_CodeSignature/CodeResources ... 
2019-02-03 18:06:46 +0000  2514 bytes for ./Contents/Frameworks/xcodeproj.framework/Versions/A/_CodeSignature/CodeResources
2019-02-03 18:06:46 +0000  copying file ./Contents/Frameworks/xcodeproj.framework/Versions/A/xcodeproj ... 
2019-02-03 18:06:46 +0000  3776480 bytes for ./Contents/Frameworks/xcodeproj.framework/Versions/A/xcodeproj
2019-02-03 18:06:46 +0000  copying file ./Contents/Frameworks/xcodeproj.framework/Versions/A/Resources/Info.plist ... 
1225 bytes for ./Contents/Frameworks/xcodeproj.framework/Versions/A/Resources/Info.plist
copying symlink ./Contents/Frameworks/xcodeproj.framework/Versions/Current ... 
linked ./Contents/Frameworks/xcodeproj.framework/Versions/Current
copying file ./Contents/Frameworks/libswiftFoundation.dylib ... 
2019-02-03 18:06:46 +0000  3065280 bytes for ./Contents/Frameworks/libswiftFoundation.dylib
2019-02-03 18:06:46 +0000  copying symlink ./Contents/Frameworks/SwiftShell.framework/Resources ... 
linked ./Contents/Frameworks/SwiftShell.framework/Resources
copying file ./Contents/Frameworks/SwiftShell.framework/Versions/A/_CodeSignature/CodeResources ... 
2514 bytes for ./Contents/Frameworks/SwiftShell.framework/Versions/A/_CodeSignature/CodeResources
copying file ./Contents/Frameworks/SwiftShell.framework/Versions/A/Resources/Info.plist ... 
2019-02-03 18:06:46 +0000  1228 bytes for ./Contents/Frameworks/SwiftShell.framework/Versions/A/Resources/Info.plist
2019-02-03 18:06:46 +0000  copying file ./Contents/Frameworks/SwiftShell.framework/Versions/A/SwiftShell ... 
2019-02-03 18:06:46 +0000  392848 bytes for ./Contents/Frameworks/SwiftShell.framework/Versions/A/SwiftShell
2019-02-03 18:06:46 +0000  copying symlink ./Contents/Frameworks/SwiftShell.framework/Versions/Current ... 
2019-02-03 18:06:46 +0000  linked ./Contents/Frameworks/SwiftShell.framework/Versions/Current
copying symlink ./Contents/Frameworks/SwiftShell.framework/SwiftShell ... 
2019-02-03 18:06:46 +0000  linked ./Contents/Frameworks/SwiftShell.framework/SwiftShell
2019-02-03 18:06:46 +0000  copying file ./Contents/Info.plist ... 
2019-02-03 18:06:46 +0000  1674 bytes for ./Contents/Info.plist
copying file ./Contents/PkgInfo ... 
2019-02-03 18:06:46 +0000  8 bytes for ./Contents/PkgInfo
2019-02-03 18:06:46 +0000  /usr/bin/ditto exited with 0
2019-02-03 18:06:46 +0000  Processing step: IDEDistributionEmbedProfileStep
2019-02-03 18:06:46 +0000  Skipping profile for item: <IDEDistributionItem: 0x7fb8bc540520 'org.cocoapods.AEXML' '<DVTFilePath:0x7fb8a7320a30:'/Users/ijaeseong/Library/Developer/Xcode/Archives/2019-02-04/JercyProjectMaster 04-02-2019, 3.06 AM.xcarchive/Products/Applications/JercyProjectMaster.app/Contents/Frameworks/AEXML.framework/Versions/A'>'>
2019-02-03 18:06:46 +0000  Skipping profile for item: <IDEDistributionItem: 0x7fb8a80a8390 'org.cocoapods.PathKit' '<DVTFilePath:0x7fb8c03731b0:'/Users/ijaeseong/Library/Developer/Xcode/Archives/2019-02-04/JercyProjectMaster 04-02-2019, 3.06 AM.xcarchive/Products/Applications/JercyProjectMaster.app/Contents/Frameworks/PathKit.framework/Versions/A'>'>
2019-02-03 18:06:46 +0000  Skipping profile for item: <IDEDistributionItem: 0x7fb8bc7062f0 'org.cocoapods.SwiftShell' '<DVTFilePath:0x7fb8a8acef40:'/Users/ijaeseong/Library/Developer/Xcode/Archives/2019-02-04/JercyProjectMaster 04-02-2019, 3.06 AM.xcarchive/Products/Applications/JercyProjectMaster.app/Contents/Frameworks/SwiftShell.framework/Versions/A'>'>
2019-02-03 18:06:46 +0000  Skipping profile for item: <IDEDistributionItem: 0x7fb8a85b0620 'org.cocoapods.xcodeproj' '<DVTFilePath:0x7fb8a73d4810:'/Users/ijaeseong/Library/Developer/Xcode/Archives/2019-02-04/JercyProjectMaster 04-02-2019, 3.06 AM.xcarchive/Products/Applications/JercyProjectMaster.app/Contents/Frameworks/xcodeproj.framework/Versions/A'>'>
2019-02-03 18:06:46 +0000  Skipping profile for item: <IDEDistributionItem: 0x7fb8a88f6c20 'com.apple.dt.runtime.swiftAppKit' '<DVTFilePath:0x7fb8a7c548b0:'/Users/ijaeseong/Library/Developer/Xcode/Archives/2019-02-04/JercyProjectMaster 04-02-2019, 3.06 AM.xcarchive/Products/Applications/JercyProjectMaster.app/Contents/Frameworks/libswiftAppKit.dylib'>'>
2019-02-03 18:06:46 +0000  Skipping profile for item: <IDEDistributionItem: 0x7fb8a72ac150 'com.apple.dt.runtime.swiftCore' '<DVTFilePath:0x7fb8a7ceb800:'/Users/ijaeseong/Library/Developer/Xcode/Archives/2019-02-04/JercyProjectMaster 04-02-2019, 3.06 AM.xcarchive/Products/Applications/JercyProjectMaster.app/Contents/Frameworks/libswiftCore.dylib'>'>
2019-02-03 18:06:46 +0000  Skipping profile for item: <IDEDistributionItem: 0x7fb8a7f7c270 'com.apple.dt.runtime.swiftCoreData' '<DVTFilePath:0x7fb8c03795b0:'/Users/ijaeseong/Library/Developer/Xcode/Archives/2019-02-04/JercyProjectMaster 04-02-2019, 3.06 AM.xcarchive/Products/Applications/JercyProjectMaster.app/Contents/Frameworks/libswiftCoreData.dylib'>'>
2019-02-03 18:06:46 +0000  Skipping profile for item: <IDEDistributionItem: 0x7fb8a8b371a0 'com.apple.dt.runtime.swiftCoreFoundation' '<DVTFilePath:0x7fb8a73d7580:'/Users/ijaeseong/Library/Developer/Xcode/Archives/2019-02-04/JercyProjectMaster 04-02-2019, 3.06 AM.xcarchive/Products/Applications/JercyProjectMaster.app/Contents/Frameworks/libswiftCoreFoundation.dylib'>'>
2019-02-03 18:06:46 +0000  Skipping profile for item: <IDEDistributionItem: 0x7fb8a83986e0 'com.apple.dt.runtime.swiftCoreGraphics' '<DVTFilePath:0x7fb8a7cd72b0:'/Users/ijaeseong/Library/Developer/Xcode/Archives/2019-02-04/JercyProjectMaster 04-02-2019, 3.06 AM.xcarchive/Products/Applications/JercyProjectMaster.app/Contents/Frameworks/libswiftCoreGraphics.dylib'>'>
2019-02-03 18:06:46 +0000  Skipping profile for item: <IDEDistributionItem: 0x7fb8bb1636d0 'com.apple.dt.runtime.swiftCoreImage' '<DVTFilePath:0x7fb8a362cb60:'/Users/ijaeseong/Library/Developer/Xcode/Archives/2019-02-04/JercyProjectMaster 04-02-2019, 3.06 AM.xcarchive/Products/Applications/JercyProjectMaster.app/Contents/Frameworks/libswiftCoreImage.dylib'>'>
2019-02-03 18:06:46 +0000  Skipping profile for item: <IDEDistributionItem: 0x7fb8bc8989b0 'com.apple.dt.runtime.swiftDarwin' '<DVTFilePath:0x7fb8a7cb3700:'/Users/ijaeseong/Library/Developer/Xcode/Archives/2019-02-04/JercyProjectMaster 04-02-2019, 3.06 AM.xcarchive/Products/Applications/JercyProjectMaster.app/Contents/Frameworks/libswiftDarwin.dylib'>'>
2019-02-03 18:06:46 +0000  Skipping profile for item: <IDEDistributionItem: 0x7fb8a8d00840 'com.apple.dt.runtime.swiftDispatch' '<DVTFilePath:0x7fb8a8097b80:'/Users/ijaeseong/Library/Developer/Xcode/Archives/2019-02-04/JercyProjectMaster 04-02-2019, 3.06 AM.xcarchive/Products/Applications/JercyProjectMaster.app/Contents/Frameworks/libswiftDispatch.dylib'>'>
2019-02-03 18:06:46 +0000  Skipping profile for item: <IDEDistributionItem: 0x7fb8bb630930 'com.apple.dt.runtime.swiftFoundation' '<DVTFilePath:0x7fb8a7a32870:'/Users/ijaeseong/Library/Developer/Xcode/Archives/2019-02-04/JercyProjectMaster 04-02-2019, 3.06 AM.xcarchive/Products/Applications/JercyProjectMaster.app/Contents/Frameworks/libswiftFoundation.dylib'>'>
2019-02-03 18:06:46 +0000  Skipping profile for item: <IDEDistributionItem: 0x7fb8a8697f90 'com.apple.dt.runtime.swiftIOKit' '<DVTFilePath:0x7fb8a7cd75c0:'/Users/ijaeseong/Library/Developer/Xcode/Archives/2019-02-04/JercyProjectMaster 04-02-2019, 3.06 AM.xcarchive/Products/Applications/JercyProjectMaster.app/Contents/Frameworks/libswiftIOKit.dylib'>'>
2019-02-03 18:06:46 +0000  Skipping profile for item: <IDEDistributionItem: 0x7fb8a8856410 'com.apple.dt.runtime.swiftMetal' '<DVTFilePath:0x7fb8c0374580:'/Users/ijaeseong/Library/Developer/Xcode/Archives/2019-02-04/JercyProjectMaster 04-02-2019, 3.06 AM.xcarchive/Products/Applications/JercyProjectMaster.app/Contents/Frameworks/libswiftMetal.dylib'>'>
2019-02-03 18:06:46 +0000  Skipping profile for item: <IDEDistributionItem: 0x7fb8a865e570 'com.apple.dt.runtime.swiftObjectiveC' '<DVTFilePath:0x7fb8a76b5950:'/Users/ijaeseong/Library/Developer/Xcode/Archives/2019-02-04/JercyProjectMaster 04-02-2019, 3.06 AM.xcarchive/Products/Applications/JercyProjectMaster.app/Contents/Frameworks/libswiftObjectiveC.dylib'>'>
2019-02-03 18:06:46 +0000  Skipping profile for item: <IDEDistributionItem: 0x7fb8a7ece740 'com.apple.dt.runtime.swiftQuartzCore' '<DVTFilePath:0x7fb8a8019f30:'/Users/ijaeseong/Library/Developer/Xcode/Archives/2019-02-04/JercyProjectMaster 04-02-2019, 3.06 AM.xcarchive/Products/Applications/JercyProjectMaster.app/Contents/Frameworks/libswiftQuartzCore.dylib'>'>
2019-02-03 18:06:46 +0000  Skipping profile for item: <IDEDistributionItem: 0x7fb8a83ed640 'com.apple.dt.runtime.swiftXPC' '<DVTFilePath:0x7fb8a7cda270:'/Users/ijaeseong/Library/Developer/Xcode/Archives/2019-02-04/JercyProjectMaster 04-02-2019, 3.06 AM.xcarchive/Products/Applications/JercyProjectMaster.app/Contents/Frameworks/libswiftXPC.dylib'>'>
2019-02-03 18:06:46 +0000  Skipping profile for item: <IDEDistributionItem: 0x7fb8a78f32d0 'com.apple.dt.runtime.swiftos' '<DVTFilePath:0x7fb8a76553f0:'/Users/ijaeseong/Library/Developer/Xcode/Archives/2019-02-04/JercyProjectMaster 04-02-2019, 3.06 AM.xcarchive/Products/Applications/JercyProjectMaster.app/Contents/Frameworks/libswiftos.dylib'>'>
2019-02-03 18:06:46 +0000  Skipping profile for item: <IDEDistributionItem: 0x7fb8a8d56ad0 'kr.co.jercy.JercyProjectMaster' '<DVTFilePath:0x7fb8a8664120:'/Users/ijaeseong/Library/Developer/Xcode/Archives/2019-02-04/JercyProjectMaster 04-02-2019, 3.06 AM.xcarchive/Products/Applications/JercyProjectMaster.app'>'>
2019-02-03 18:06:46 +0000  Processing step: IDEDistributionAppThinningPlistStep
2019-02-03 18:06:46 +0000  Processing step: IDEDistributionCompileBitcodeStep
2019-02-03 18:06:46 +0000  Skipping step: IDEDistributionCompileBitcodeStep because it said so
2019-02-03 18:06:46 +0000  Processing step: IDEDistributionCodeSlimmingStep
2019-02-03 18:06:46 +0000  Processing step: IDEDistributionCopyBCSymbolMapsStep
2019-02-03 18:06:46 +0000  Skipping step: IDEDistributionCopyBCSymbolMapsStep because it said so
2019-02-03 18:06:46 +0000  Skipping step: IDEDistributionCopyBCSymbolMapsStep because it said so
2019-02-03 18:06:46 +0000  Skipping step: IDEDistributionCopyBCSymbolMapsStep because it said so
2019-02-03 18:06:46 +0000  Skipping step: IDEDistributionCopyBCSymbolMapsStep because it said so
2019-02-03 18:06:46 +0000  Skipping step: IDEDistributionCopyBCSymbolMapsStep because it said so
2019-02-03 18:06:46 +0000  Skipping step: IDEDistributionCopyBCSymbolMapsStep because it said so
2019-02-03 18:06:46 +0000  Skipping step: IDEDistributionCopyBCSymbolMapsStep because it said so
2019-02-03 18:06:46 +0000  Skipping step: IDEDistributionCopyBCSymbolMapsStep because it said so
2019-02-03 18:06:46 +0000  Skipping step: IDEDistributionCopyBCSymbolMapsStep because it said so
2019-02-03 18:06:46 +0000  Skipping step: IDEDistributionCopyBCSymbolMapsStep because it said so
2019-02-03 18:06:46 +0000  Skipping step: IDEDistributionCopyBCSymbolMapsStep because it said so
2019-02-03 18:06:46 +0000  Skipping step: IDEDistributionCopyBCSymbolMapsStep because it said so
2019-02-03 18:06:46 +0000  Skipping step: IDEDistributionCopyBCSymbolMapsStep because it said so
2019-02-03 18:06:46 +0000  Skipping step: IDEDistributionCopyBCSymbolMapsStep because it said so
2019-02-03 18:06:46 +0000  Skipping step: IDEDistributionCopyBCSymbolMapsStep because it said so
2019-02-03 18:06:46 +0000  Skipping step: IDEDistributionCopyBCSymbolMapsStep because it said so
2019-02-03 18:06:46 +0000  Skipping step: IDEDistributionCopyBCSymbolMapsStep because it said so
2019-02-03 18:06:46 +0000  Skipping step: IDEDistributionCopyBCSymbolMapsStep because it said so
2019-02-03 18:06:46 +0000  Skipping step: IDEDistributionCopyBCSymbolMapsStep because it said so
2019-02-03 18:06:46 +0000  Skipping step: IDEDistributionCopyBCSymbolMapsStep because it said so
2019-02-03 18:06:46 +0000  Processing step: IDEDistributionSymbolsStep
2019-02-03 18:06:46 +0000  Skipping step: IDEDistributionSymbolsStep because it said so
2019-02-03 18:06:46 +0000  Skipping step: IDEDistributionSymbolsStep because it said so
2019-02-03 18:06:46 +0000  Skipping step: IDEDistributionSymbolsStep because it said so
2019-02-03 18:06:46 +0000  Skipping step: IDEDistributionSymbolsStep because it said so
2019-02-03 18:06:46 +0000  Skipping step: IDEDistributionSymbolsStep because it said so
2019-02-03 18:06:46 +0000  Skipping step: IDEDistributionSymbolsStep because it said so
2019-02-03 18:06:46 +0000  Skipping step: IDEDistributionSymbolsStep because it said so
2019-02-03 18:06:46 +0000  Skipping step: IDEDistributionSymbolsStep because it said so
2019-02-03 18:06:46 +0000  Skipping step: IDEDistributionSymbolsStep because it said so
2019-02-03 18:06:46 +0000  Skipping step: IDEDistributionSymbolsStep because it said so
2019-02-03 18:06:46 +0000  Skipping step: IDEDistributionSymbolsStep because it said so
2019-02-03 18:06:46 +0000  Skipping step: IDEDistributionSymbolsStep because it said so
2019-02-03 18:06:46 +0000  Skipping step: IDEDistributionSymbolsStep because it said so
2019-02-03 18:06:46 +0000  Skipping step: IDEDistributionSymbolsStep because it said so
2019-02-03 18:06:46 +0000  Skipping step: IDEDistributionSymbolsStep because it said so
2019-02-03 18:06:46 +0000  Skipping step: IDEDistributionSymbolsStep because it said so
2019-02-03 18:06:46 +0000  Skipping step: IDEDistributionSymbolsStep because it said so
2019-02-03 18:06:46 +0000  Skipping step: IDEDistributionSymbolsStep because it said so
2019-02-03 18:06:46 +0000  Skipping step: IDEDistributionSymbolsStep because it said so
2019-02-03 18:06:46 +0000  Skipping step: IDEDistributionSymbolsStep because it said so
2019-02-03 18:06:46 +0000  Processing step: IDEDistributionAppThinningStep
2019-02-03 18:06:46 +0000  Skipping step: IDEDistributionAppThinningStep because it said so
2019-02-03 18:06:46 +0000  Processing step: IDEDistributionArchThinningStep
2019-02-03 18:06:46 +0000  Running /Applications/Xcode.app/Contents/Developer/Toolchains/XcodeDefault.xctoolchain/usr/bin/lipo '/var/folders/1w/4sc9hdk517nd12m1z04f8l240000gn/T/XcodeDistPipeline.srj/Root/Applications/JercyProjectMaster.app/Contents/Frameworks/AEXML.framework/Versions/A/AEXML' '-verify_arch' 'arm64e'
2019-02-03 18:06:46 +0000  /Applications/Xcode.app/Contents/Developer/Toolchains/XcodeDefault.xctoolchain/usr/bin/lipo exited with 1
2019-02-03 18:06:46 +0000  Skipping architecture thinning for item "AEXML" because arch "arm64e" wasn't found
2019-02-03 18:06:46 +0000  Running /Applications/Xcode.app/Contents/Developer/Toolchains/XcodeDefault.xctoolchain/usr/bin/lipo '/var/folders/1w/4sc9hdk517nd12m1z04f8l240000gn/T/XcodeDistPipeline.srj/Root/Applications/JercyProjectMaster.app/Contents/Frameworks/PathKit.framework/Versions/A/PathKit' '-verify_arch' 'arm64e'
2019-02-03 18:06:46 +0000  /Applications/Xcode.app/Contents/Developer/Toolchains/XcodeDefault.xctoolchain/usr/bin/lipo exited with 1
2019-02-03 18:06:46 +0000  Skipping architecture thinning for item "PathKit" because arch "arm64e" wasn't found
2019-02-03 18:06:46 +0000  Running /Applications/Xcode.app/Contents/Developer/Toolchains/XcodeDefault.xctoolchain/usr/bin/lipo '/var/folders/1w/4sc9hdk517nd12m1z04f8l240000gn/T/XcodeDistPipeline.srj/Root/Applications/JercyProjectMaster.app/Contents/Frameworks/SwiftShell.framework/Versions/A/SwiftShell' '-verify_arch' 'arm64e'
2019-02-03 18:06:46 +0000  /Applications/Xcode.app/Contents/Developer/Toolchains/XcodeDefault.xctoolchain/usr/bin/lipo exited with 1
2019-02-03 18:06:46 +0000  Skipping architecture thinning for item "SwiftShell" because arch "arm64e" wasn't found
2019-02-03 18:06:46 +0000  Running /Applications/Xcode.app/Contents/Developer/Toolchains/XcodeDefault.xctoolchain/usr/bin/lipo '/var/folders/1w/4sc9hdk517nd12m1z04f8l240000gn/T/XcodeDistPipeline.srj/Root/Applications/JercyProjectMaster.app/Contents/Frameworks/xcodeproj.framework/Versions/A/xcodeproj' '-verify_arch' 'arm64e'
2019-02-03 18:06:46 +0000  /Applications/Xcode.app/Contents/Developer/Toolchains/XcodeDefault.xctoolchain/usr/bin/lipo exited with 1
2019-02-03 18:06:46 +0000  Skipping architecture thinning for item "xcodeproj" because arch "arm64e" wasn't found
2019-02-03 18:06:46 +0000  Running /Applications/Xcode.app/Contents/Developer/Toolchains/XcodeDefault.xctoolchain/usr/bin/lipo '/var/folders/1w/4sc9hdk517nd12m1z04f8l240000gn/T/XcodeDistPipeline.srj/Root/Applications/JercyProjectMaster.app/Contents/Frameworks/libswiftAppKit.dylib' '-verify_arch' 'arm64e'
2019-02-03 18:06:46 +0000  /Applications/Xcode.app/Contents/Developer/Toolchains/XcodeDefault.xctoolchain/usr/bin/lipo exited with 1
2019-02-03 18:06:46 +0000  Skipping architecture thinning for item "libswiftAppKit.dylib" because arch "arm64e" wasn't found
2019-02-03 18:06:46 +0000  Running /Applications/Xcode.app/Contents/Developer/Toolchains/XcodeDefault.xctoolchain/usr/bin/lipo '/var/folders/1w/4sc9hdk517nd12m1z04f8l240000gn/T/XcodeDistPipeline.srj/Root/Applications/JercyProjectMaster.app/Contents/Frameworks/libswiftCore.dylib' '-verify_arch' 'arm64e'
2019-02-03 18:06:46 +0000  /Applications/Xcode.app/Contents/Developer/Toolchains/XcodeDefault.xctoolchain/usr/bin/lipo exited with 1
2019-02-03 18:06:46 +0000  Skipping architecture thinning for item "libswiftCore.dylib" because arch "arm64e" wasn't found
2019-02-03 18:06:46 +0000  Running /Applications/Xcode.app/Contents/Developer/Toolchains/XcodeDefault.xctoolchain/usr/bin/lipo '/var/folders/1w/4sc9hdk517nd12m1z04f8l240000gn/T/XcodeDistPipeline.srj/Root/Applications/JercyProjectMaster.app/Contents/Frameworks/libswiftCoreData.dylib' '-verify_arch' 'arm64e'
2019-02-03 18:06:46 +0000  /Applications/Xcode.app/Contents/Developer/Toolchains/XcodeDefault.xctoolchain/usr/bin/lipo exited with 1
2019-02-03 18:06:46 +0000  Skipping architecture thinning for item "libswiftCoreData.dylib" because arch "arm64e" wasn't found
2019-02-03 18:06:46 +0000  Running /Applications/Xcode.app/Contents/Developer/Toolchains/XcodeDefault.xctoolchain/usr/bin/lipo '/var/folders/1w/4sc9hdk517nd12m1z04f8l240000gn/T/XcodeDistPipeline.srj/Root/Applications/JercyProjectMaster.app/Contents/Frameworks/libswiftCoreFoundation.dylib' '-verify_arch' 'arm64e'
2019-02-03 18:06:46 +0000  /Applications/Xcode.app/Contents/Developer/Toolchains/XcodeDefault.xctoolchain/usr/bin/lipo exited with 1
2019-02-03 18:06:46 +0000  Skipping architecture thinning for item "libswiftCoreFoundation.dylib" because arch "arm64e" wasn't found
2019-02-03 18:06:46 +0000  Running /Applications/Xcode.app/Contents/Developer/Toolchains/XcodeDefault.xctoolchain/usr/bin/lipo '/var/folders/1w/4sc9hdk517nd12m1z04f8l240000gn/T/XcodeDistPipeline.srj/Root/Applications/JercyProjectMaster.app/Contents/Frameworks/libswiftCoreGraphics.dylib' '-verify_arch' 'arm64e'
2019-02-03 18:06:46 +0000  /Applications/Xcode.app/Contents/Developer/Toolchains/XcodeDefault.xctoolchain/usr/bin/lipo exited with 1
2019-02-03 18:06:46 +0000  Skipping architecture thinning for item "libswiftCoreGraphics.dylib" because arch "arm64e" wasn't found
2019-02-03 18:06:46 +0000  Running /Applications/Xcode.app/Contents/Developer/Toolchains/XcodeDefault.xctoolchain/usr/bin/lipo '/var/folders/1w/4sc9hdk517nd12m1z04f8l240000gn/T/XcodeDistPipeline.srj/Root/Applications/JercyProjectMaster.app/Contents/Frameworks/libswiftCoreImage.dylib' '-verify_arch' 'arm64e'
2019-02-03 18:06:46 +0000  /Applications/Xcode.app/Contents/Developer/Toolchains/XcodeDefault.xctoolchain/usr/bin/lipo exited with 1
2019-02-03 18:06:46 +0000  Skipping architecture thinning for item "libswiftCoreImage.dylib" because arch "arm64e" wasn't found
2019-02-03 18:06:46 +0000  Running /Applications/Xcode.app/Contents/Developer/Toolchains/XcodeDefault.xctoolchain/usr/bin/lipo '/var/folders/1w/4sc9hdk517nd12m1z04f8l240000gn/T/XcodeDistPipeline.srj/Root/Applications/JercyProjectMaster.app/Contents/Frameworks/libswiftDarwin.dylib' '-verify_arch' 'arm64e'
2019-02-03 18:06:46 +0000  /Applications/Xcode.app/Contents/Developer/Toolchains/XcodeDefault.xctoolchain/usr/bin/lipo exited with 1
2019-02-03 18:06:46 +0000  Skipping architecture thinning for item "libswiftDarwin.dylib" because arch "arm64e" wasn't found
2019-02-03 18:06:46 +0000  Running /Applications/Xcode.app/Contents/Developer/Toolchains/XcodeDefault.xctoolchain/usr/bin/lipo '/var/folders/1w/4sc9hdk517nd12m1z04f8l240000gn/T/XcodeDistPipeline.srj/Root/Applications/JercyProjectMaster.app/Contents/Frameworks/libswiftDispatch.dylib' '-verify_arch' 'arm64e'
2019-02-03 18:06:46 +0000  /Applications/Xcode.app/Contents/Developer/Toolchains/XcodeDefault.xctoolchain/usr/bin/lipo exited with 1
2019-02-03 18:06:46 +0000  Skipping architecture thinning for item "libswiftDispatch.dylib" because arch "arm64e" wasn't found
2019-02-03 18:06:46 +0000  Running /Applications/Xcode.app/Contents/Developer/Toolchains/XcodeDefault.xctoolchain/usr/bin/lipo '/var/folders/1w/4sc9hdk517nd12m1z04f8l240000gn/T/XcodeDistPipeline.srj/Root/Applications/JercyProjectMaster.app/Contents/Frameworks/libswiftFoundation.dylib' '-verify_arch' 'arm64e'
2019-02-03 18:06:46 +0000  /Applications/Xcode.app/Contents/Developer/Toolchains/XcodeDefault.xctoolchain/usr/bin/lipo exited with 1
2019-02-03 18:06:46 +0000  Skipping architecture thinning for item "libswiftFoundation.dylib" because arch "arm64e" wasn't found
2019-02-03 18:06:46 +0000  Running /Applications/Xcode.app/Contents/Developer/Toolchains/XcodeDefault.xctoolchain/usr/bin/lipo '/var/folders/1w/4sc9hdk517nd12m1z04f8l240000gn/T/XcodeDistPipeline.srj/Root/Applications/JercyProjectMaster.app/Contents/Frameworks/libswiftIOKit.dylib' '-verify_arch' 'arm64e'
2019-02-03 18:06:46 +0000  /Applications/Xcode.app/Contents/Developer/Toolchains/XcodeDefault.xctoolchain/usr/bin/lipo exited with 1
2019-02-03 18:06:46 +0000  Skipping architecture thinning for item "libswiftIOKit.dylib" because arch "arm64e" wasn't found
2019-02-03 18:06:46 +0000  Running /Applications/Xcode.app/Contents/Developer/Toolchains/XcodeDefault.xctoolchain/usr/bin/lipo '/var/folders/1w/4sc9hdk517nd12m1z04f8l240000gn/T/XcodeDistPipeline.srj/Root/Applications/JercyProjectMaster.app/Contents/Frameworks/libswiftMetal.dylib' '-verify_arch' 'arm64e'
2019-02-03 18:06:46 +0000  /Applications/Xcode.app/Contents/Developer/Toolchains/XcodeDefault.xctoolchain/usr/bin/lipo exited with 1
2019-02-03 18:06:46 +0000  Skipping architecture thinning for item "libswiftMetal.dylib" because arch "arm64e" wasn't found
2019-02-03 18:06:46 +0000  Running /Applications/Xcode.app/Contents/Developer/Toolchains/XcodeDefault.xctoolchain/usr/bin/lipo '/var/folders/1w/4sc9hdk517nd12m1z04f8l240000gn/T/XcodeDistPipeline.srj/Root/Applications/JercyProjectMaster.app/Contents/Frameworks/libswiftObjectiveC.dylib' '-verify_arch' 'arm64e'
2019-02-03 18:06:46 +0000  /Applications/Xcode.app/Contents/Developer/Toolchains/XcodeDefault.xctoolchain/usr/bin/lipo exited with 1
2019-02-03 18:06:46 +0000  Skipping architecture thinning for item "libswiftObjectiveC.dylib" because arch "arm64e" wasn't found
2019-02-03 18:06:46 +0000  Running /Applications/Xcode.app/Contents/Developer/Toolchains/XcodeDefault.xctoolchain/usr/bin/lipo '/var/folders/1w/4sc9hdk517nd12m1z04f8l240000gn/T/XcodeDistPipeline.srj/Root/Applications/JercyProjectMaster.app/Contents/Frameworks/libswiftQuartzCore.dylib' '-verify_arch' 'arm64e'
2019-02-03 18:06:46 +0000  /Applications/Xcode.app/Contents/Developer/Toolchains/XcodeDefault.xctoolchain/usr/bin/lipo exited with 1
2019-02-03 18:06:46 +0000  Skipping architecture thinning for item "libswiftQuartzCore.dylib" because arch "arm64e" wasn't found
2019-02-03 18:06:47 +0000  Running /Applications/Xcode.app/Contents/Developer/Toolchains/XcodeDefault.xctoolchain/usr/bin/lipo '/var/folders/1w/4sc9hdk517nd12m1z04f8l240000gn/T/XcodeDistPipeline.srj/Root/Applications/JercyProjectMaster.app/Contents/Frameworks/libswiftXPC.dylib' '-verify_arch' 'arm64e'
2019-02-03 18:06:47 +0000  /Applications/Xcode.app/Contents/Developer/Toolchains/XcodeDefault.xctoolchain/usr/bin/lipo exited with 1
2019-02-03 18:06:47 +0000  Skipping architecture thinning for item "libswiftXPC.dylib" because arch "arm64e" wasn't found
2019-02-03 18:06:47 +0000  Running /Applications/Xcode.app/Contents/Developer/Toolchains/XcodeDefault.xctoolchain/usr/bin/lipo '/var/folders/1w/4sc9hdk517nd12m1z04f8l240000gn/T/XcodeDistPipeline.srj/Root/Applications/JercyProjectMaster.app/Contents/Frameworks/libswiftos.dylib' '-verify_arch' 'arm64e'
2019-02-03 18:06:47 +0000  /Applications/Xcode.app/Contents/Developer/Toolchains/XcodeDefault.xctoolchain/usr/bin/lipo exited with 1
2019-02-03 18:06:47 +0000  Skipping architecture thinning for item "libswiftos.dylib" because arch "arm64e" wasn't found
2019-02-03 18:06:47 +0000  Running /Applications/Xcode.app/Contents/Developer/Toolchains/XcodeDefault.xctoolchain/usr/bin/lipo '/var/folders/1w/4sc9hdk517nd12m1z04f8l240000gn/T/XcodeDistPipeline.srj/Root/Applications/JercyProjectMaster.app/Contents/MacOS/JercyProjectMaster' '-verify_arch' 'arm64e'
2019-02-03 18:06:47 +0000  /Applications/Xcode.app/Contents/Developer/Toolchains/XcodeDefault.xctoolchain/usr/bin/lipo exited with 1
2019-02-03 18:06:47 +0000  Skipping architecture thinning for item "JercyProjectMaster" because arch "arm64e" wasn't found
2019-02-03 18:06:47 +0000  Processing step: IDEDistributionODRStep
2019-02-03 18:06:47 +0000  Processing step: IDEDistributionStripXattrsStep
2019-02-03 18:06:47 +0000  Skipping stripping extended attributes of item: <IDEDistributionItem: 0x7fb8bc540520 'org.cocoapods.AEXML' '<DVTFilePath:0x7fb8a7320a30:'/Users/ijaeseong/Library/Developer/Xcode/Archives/2019-02-04/JercyProjectMaster 04-02-2019, 3.06 AM.xcarchive/Products/Applications/JercyProjectMaster.app/Contents/Frameworks/AEXML.framework/Versions/A'>'>
2019-02-03 18:06:47 +0000  Skipping stripping extended attributes of item: <IDEDistributionItem: 0x7fb8a80a8390 'org.cocoapods.PathKit' '<DVTFilePath:0x7fb8c03731b0:'/Users/ijaeseong/Library/Developer/Xcode/Archives/2019-02-04/JercyProjectMaster 04-02-2019, 3.06 AM.xcarchive/Products/Applications/JercyProjectMaster.app/Contents/Frameworks/PathKit.framework/Versions/A'>'>
2019-02-03 18:06:47 +0000  Skipping stripping extended attributes of item: <IDEDistributionItem: 0x7fb8bc7062f0 'org.cocoapods.SwiftShell' '<DVTFilePath:0x7fb8a8acef40:'/Users/ijaeseong/Library/Developer/Xcode/Archives/2019-02-04/JercyProjectMaster 04-02-2019, 3.06 AM.xcarchive/Products/Applications/JercyProjectMaster.app/Contents/Frameworks/SwiftShell.framework/Versions/A'>'>
2019-02-03 18:06:47 +0000  Skipping stripping extended attributes of item: <IDEDistributionItem: 0x7fb8a85b0620 'org.cocoapods.xcodeproj' '<DVTFilePath:0x7fb8a73d4810:'/Users/ijaeseong/Library/Developer/Xcode/Archives/2019-02-04/JercyProjectMaster 04-02-2019, 3.06 AM.xcarchive/Products/Applications/JercyProjectMaster.app/Contents/Frameworks/xcodeproj.framework/Versions/A'>'>
2019-02-03 18:06:47 +0000  Skipping stripping extended attributes of item: <IDEDistributionItem: 0x7fb8a88f6c20 'com.apple.dt.runtime.swiftAppKit' '<DVTFilePath:0x7fb8a7c548b0:'/Users/ijaeseong/Library/Developer/Xcode/Archives/2019-02-04/JercyProjectMaster 04-02-2019, 3.06 AM.xcarchive/Products/Applications/JercyProjectMaster.app/Contents/Frameworks/libswiftAppKit.dylib'>'>
2019-02-03 18:06:47 +0000  Skipping stripping extended attributes of item: <IDEDistributionItem: 0x7fb8a72ac150 'com.apple.dt.runtime.swiftCore' '<DVTFilePath:0x7fb8a7ceb800:'/Users/ijaeseong/Library/Developer/Xcode/Archives/2019-02-04/JercyProjectMaster 04-02-2019, 3.06 AM.xcarchive/Products/Applications/JercyProjectMaster.app/Contents/Frameworks/libswiftCore.dylib'>'>
2019-02-03 18:06:47 +0000  Skipping stripping extended attributes of item: <IDEDistributionItem: 0x7fb8a7f7c270 'com.apple.dt.runtime.swiftCoreData' '<DVTFilePath:0x7fb8c03795b0:'/Users/ijaeseong/Library/Developer/Xcode/Archives/2019-02-04/JercyProjectMaster 04-02-2019, 3.06 AM.xcarchive/Products/Applications/JercyProjectMaster.app/Contents/Frameworks/libswiftCoreData.dylib'>'>
2019-02-03 18:06:47 +0000  Skipping stripping extended attributes of item: <IDEDistributionItem: 0x7fb8a8b371a0 'com.apple.dt.runtime.swiftCoreFoundation' '<DVTFilePath:0x7fb8a73d7580:'/Users/ijaeseong/Library/Developer/Xcode/Archives/2019-02-04/JercyProjectMaster 04-02-2019, 3.06 AM.xcarchive/Products/Applications/JercyProjectMaster.app/Contents/Frameworks/libswiftCoreFoundation.dylib'>'>
2019-02-03 18:06:47 +0000  Skipping stripping extended attributes of item: <IDEDistributionItem: 0x7fb8a83986e0 'com.apple.dt.runtime.swiftCoreGraphics' '<DVTFilePath:0x7fb8a7cd72b0:'/Users/ijaeseong/Library/Developer/Xcode/Archives/2019-02-04/JercyProjectMaster 04-02-2019, 3.06 AM.xcarchive/Products/Applications/JercyProjectMaster.app/Contents/Frameworks/libswiftCoreGraphics.dylib'>'>
2019-02-03 18:06:47 +0000  Skipping stripping extended attributes of item: <IDEDistributionItem: 0x7fb8bb1636d0 'com.apple.dt.runtime.swiftCoreImage' '<DVTFilePath:0x7fb8a362cb60:'/Users/ijaeseong/Library/Developer/Xcode/Archives/2019-02-04/JercyProjectMaster 04-02-2019, 3.06 AM.xcarchive/Products/Applications/JercyProjectMaster.app/Contents/Frameworks/libswiftCoreImage.dylib'>'>
2019-02-03 18:06:47 +0000  Skipping stripping extended attributes of item: <IDEDistributionItem: 0x7fb8bc8989b0 'com.apple.dt.runtime.swiftDarwin' '<DVTFilePath:0x7fb8a7cb3700:'/Users/ijaeseong/Library/Developer/Xcode/Archives/2019-02-04/JercyProjectMaster 04-02-2019, 3.06 AM.xcarchive/Products/Applications/JercyProjectMaster.app/Contents/Frameworks/libswiftDarwin.dylib'>'>
2019-02-03 18:06:47 +0000  Skipping stripping extended attributes of item: <IDEDistributionItem: 0x7fb8a8d00840 'com.apple.dt.runtime.swiftDispatch' '<DVTFilePath:0x7fb8a8097b80:'/Users/ijaeseong/Library/Developer/Xcode/Archives/2019-02-04/JercyProjectMaster 04-02-2019, 3.06 AM.xcarchive/Products/Applications/JercyProjectMaster.app/Contents/Frameworks/libswiftDispatch.dylib'>'>
2019-02-03 18:06:47 +0000  Skipping stripping extended attributes of item: <IDEDistributionItem: 0x7fb8bb630930 'com.apple.dt.runtime.swiftFoundation' '<DVTFilePath:0x7fb8a7a32870:'/Users/ijaeseong/Library/Developer/Xcode/Archives/2019-02-04/JercyProjectMaster 04-02-2019, 3.06 AM.xcarchive/Products/Applications/JercyProjectMaster.app/Contents/Frameworks/libswiftFoundation.dylib'>'>
2019-02-03 18:06:47 +0000  Skipping stripping extended attributes of item: <IDEDistributionItem: 0x7fb8a8697f90 'com.apple.dt.runtime.swiftIOKit' '<DVTFilePath:0x7fb8a7cd75c0:'/Users/ijaeseong/Library/Developer/Xcode/Archives/2019-02-04/JercyProjectMaster 04-02-2019, 3.06 AM.xcarchive/Products/Applications/JercyProjectMaster.app/Contents/Frameworks/libswiftIOKit.dylib'>'>
2019-02-03 18:06:47 +0000  Skipping stripping extended attributes of item: <IDEDistributionItem: 0x7fb8a8856410 'com.apple.dt.runtime.swiftMetal' '<DVTFilePath:0x7fb8c0374580:'/Users/ijaeseong/Library/Developer/Xcode/Archives/2019-02-04/JercyProjectMaster 04-02-2019, 3.06 AM.xcarchive/Products/Applications/JercyProjectMaster.app/Contents/Frameworks/libswiftMetal.dylib'>'>
2019-02-03 18:06:47 +0000  Skipping stripping extended attributes of item: <IDEDistributionItem: 0x7fb8a865e570 'com.apple.dt.runtime.swiftObjectiveC' '<DVTFilePath:0x7fb8a76b5950:'/Users/ijaeseong/Library/Developer/Xcode/Archives/2019-02-04/JercyProjectMaster 04-02-2019, 3.06 AM.xcarchive/Products/Applications/JercyProjectMaster.app/Contents/Frameworks/libswiftObjectiveC.dylib'>'>
2019-02-03 18:06:47 +0000  Skipping stripping extended attributes of item: <IDEDistributionItem: 0x7fb8a7ece740 'com.apple.dt.runtime.swiftQuartzCore' '<DVTFilePath:0x7fb8a8019f30:'/Users/ijaeseong/Library/Developer/Xcode/Archives/2019-02-04/JercyProjectMaster 04-02-2019, 3.06 AM.xcarchive/Products/Applications/JercyProjectMaster.app/Contents/Frameworks/libswiftQuartzCore.dylib'>'>
2019-02-03 18:06:47 +0000  Skipping stripping extended attributes of item: <IDEDistributionItem: 0x7fb8a83ed640 'com.apple.dt.runtime.swiftXPC' '<DVTFilePath:0x7fb8a7cda270:'/Users/ijaeseong/Library/Developer/Xcode/Archives/2019-02-04/JercyProjectMaster 04-02-2019, 3.06 AM.xcarchive/Products/Applications/JercyProjectMaster.app/Contents/Frameworks/libswiftXPC.dylib'>'>
2019-02-03 18:06:47 +0000  Skipping stripping extended attributes of item: <IDEDistributionItem: 0x7fb8a78f32d0 'com.apple.dt.runtime.swiftos' '<DVTFilePath:0x7fb8a76553f0:'/Users/ijaeseong/Library/Developer/Xcode/Archives/2019-02-04/JercyProjectMaster 04-02-2019, 3.06 AM.xcarchive/Products/Applications/JercyProjectMaster.app/Contents/Frameworks/libswiftos.dylib'>'>
2019-02-03 18:06:47 +0000  Running /usr/bin/xattr '-crs' '/var/folders/1w/4sc9hdk517nd12m1z04f8l240000gn/T/XcodeDistPipeline.srj/Root/Applications/JercyProjectMaster.app'
2019-02-03 18:06:47 +0000  /usr/bin/xattr exited with 0
2019-02-03 18:06:47 +0000  Processing step: IDEDistributionCodesignStep
2019-02-03 18:06:47 +0000  Entitlements for <IDEDistributionItem: 0x7fb8bc540520 'org.cocoapods.AEXML' '<DVTFilePath:0x7fb8a7320a30:'/Users/ijaeseong/Library/Developer/Xcode/Archives/2019-02-04/JercyProjectMaster 04-02-2019, 3.06 AM.xcarchive/Products/Applications/JercyProjectMaster.app/Contents/Frameworks/AEXML.framework/Versions/A'>'>: {
}
2019-02-03 18:06:47 +0000  Writing entitlements for <IDEDistributionItem: 0x7fb8bc540520 'org.cocoapods.AEXML' '<DVTFilePath:0x7fb8a7320a30:'/Users/ijaeseong/Library/Developer/Xcode/Archives/2019-02-04/JercyProjectMaster 04-02-2019, 3.06 AM.xcarchive/Products/Applications/JercyProjectMaster.app/Contents/Frameworks/AEXML.framework/Versions/A'>'> to: /var/folders/1w/4sc9hdk517nd12m1z04f8l240000gn/T/XcodeDistPipeline.srj/entitlementsSMmRpn
2019-02-03 18:06:47 +0000  Running /usr/bin/codesign '-vvv' '--force' '--sign' '31F790C625973483DA034B9AB32C9EC074FAE3B4' '--entitlements' '/var/folders/1w/4sc9hdk517nd12m1z04f8l240000gn/T/XcodeDistPipeline.srj/entitlementsSMmRpn' '--preserve-metadata=identifier,flags,runtime' '--requirements' '=designated => anchor apple generic  and identifier "$self.identifier" and ((cert leaf[field.1.2.840.113635.100.6.1.9] exists) or ( certificate 1[field.1.2.840.113635.100.6.2.6] exists and certificate leaf[field.1.2.840.113635.100.6.1.13] exists  and certificate leaf[subject.OU] = "TA757FA6NR" ))' '/var/folders/1w/4sc9hdk517nd12m1z04f8l240000gn/T/XcodeDistPipeline.srj/Root/Applications/JercyProjectMaster.app/Contents/Frameworks/AEXML.framework/Versions/A'
2019-02-03 18:06:47 +0000  /var/folders/1w/4sc9hdk517nd12m1z04f8l240000gn/T/XcodeDistPipeline.srj/Root/Applications/JercyProjectMaster.app/Contents/Frameworks/AEXML.framework/Versions/A: replacing existing signature
2019-02-03 18:06:47 +0000  /var/folders/1w/4sc9hdk517nd12m1z04f8l240000gn/T/XcodeDistPipeline.srj/Root/Applications/JercyProjectMaster.app/Contents/Frameworks/AEXML.framework/Versions/A: signed bundle with Mach-O thin (x86_64) [org.cocoapods.AEXML]
2019-02-03 18:06:47 +0000  /usr/bin/codesign exited with 0
2019-02-03 18:06:47 +0000  Entitlements for <IDEDistributionItem: 0x7fb8a80a8390 'org.cocoapods.PathKit' '<DVTFilePath:0x7fb8c03731b0:'/Users/ijaeseong/Library/Developer/Xcode/Archives/2019-02-04/JercyProjectMaster 04-02-2019, 3.06 AM.xcarchive/Products/Applications/JercyProjectMaster.app/Contents/Frameworks/PathKit.framework/Versions/A'>'>: {
}
2019-02-03 18:06:47 +0000  Writing entitlements for <IDEDistributionItem: 0x7fb8a80a8390 'org.cocoapods.PathKit' '<DVTFilePath:0x7fb8c03731b0:'/Users/ijaeseong/Library/Developer/Xcode/Archives/2019-02-04/JercyProjectMaster 04-02-2019, 3.06 AM.xcarchive/Products/Applications/JercyProjectMaster.app/Contents/Frameworks/PathKit.framework/Versions/A'>'> to: /var/folders/1w/4sc9hdk517nd12m1z04f8l240000gn/T/XcodeDistPipeline.srj/entitlementsl3u6pd
2019-02-03 18:06:47 +0000  Running /usr/bin/codesign '-vvv' '--force' '--sign' '31F790C625973483DA034B9AB32C9EC074FAE3B4' '--entitlements' '/var/folders/1w/4sc9hdk517nd12m1z04f8l240000gn/T/XcodeDistPipeline.srj/entitlementsl3u6pd' '--preserve-metadata=identifier,flags,runtime' '--requirements' '=designated => anchor apple generic  and identifier "$self.identifier" and ((cert leaf[field.1.2.840.113635.100.6.1.9] exists) or ( certificate 1[field.1.2.840.113635.100.6.2.6] exists and certificate leaf[field.1.2.840.113635.100.6.1.13] exists  and certificate leaf[subject.OU] = "TA757FA6NR" ))' '/var/folders/1w/4sc9hdk517nd12m1z04f8l240000gn/T/XcodeDistPipeline.srj/Root/Applications/JercyProjectMaster.app/Contents/Frameworks/PathKit.framework/Versions/A'
2019-02-03 18:06:47 +0000  /var/folders/1w/4sc9hdk517nd12m1z04f8l240000gn/T/XcodeDistPipeline.srj/Root/Applications/JercyProjectMaster.app/Contents/Frameworks/PathKit.framework/Versions/A: replacing existing signature
2019-02-03 18:06:48 +0000  /var/folders/1w/4sc9hdk517nd12m1z04f8l240000gn/T/XcodeDistPipeline.srj/Root/Applications/JercyProjectMaster.app/Contents/Frameworks/PathKit.framework/Versions/A: signed bundle with Mach-O thin (x86_64) [org.cocoapods.PathKit]
2019-02-03 18:06:48 +0000  /usr/bin/codesign exited with 0
2019-02-03 18:06:48 +0000  Entitlements for <IDEDistributionItem: 0x7fb8bc7062f0 'org.cocoapods.SwiftShell' '<DVTFilePath:0x7fb8a8acef40:'/Users/ijaeseong/Library/Developer/Xcode/Archives/2019-02-04/JercyProjectMaster 04-02-2019, 3.06 AM.xcarchive/Products/Applications/JercyProjectMaster.app/Contents/Frameworks/SwiftShell.framework/Versions/A'>'>: {
}
2019-02-03 18:06:48 +0000  Writing entitlements for <IDEDistributionItem: 0x7fb8bc7062f0 'org.cocoapods.SwiftShell' '<DVTFilePath:0x7fb8a8acef40:'/Users/ijaeseong/Library/Developer/Xcode/Archives/2019-02-04/JercyProjectMaster 04-02-2019, 3.06 AM.xcarchive/Products/Applications/JercyProjectMaster.app/Contents/Frameworks/SwiftShell.framework/Versions/A'>'> to: /var/folders/1w/4sc9hdk517nd12m1z04f8l240000gn/T/XcodeDistPipeline.srj/entitlementsZt4J6a
2019-02-03 18:06:48 +0000  Running /usr/bin/codesign '-vvv' '--force' '--sign' '31F790C625973483DA034B9AB32C9EC074FAE3B4' '--entitlements' '/var/folders/1w/4sc9hdk517nd12m1z04f8l240000gn/T/XcodeDistPipeline.srj/entitlementsZt4J6a' '--preserve-metadata=identifier,flags,runtime' '--requirements' '=designated => anchor apple generic  and identifier "$self.identifier" and ((cert leaf[field.1.2.840.113635.100.6.1.9] exists) or ( certificate 1[field.1.2.840.113635.100.6.2.6] exists and certificate leaf[field.1.2.840.113635.100.6.1.13] exists  and certificate leaf[subject.OU] = "TA757FA6NR" ))' '/var/folders/1w/4sc9hdk517nd12m1z04f8l240000gn/T/XcodeDistPipeline.srj/Root/Applications/JercyProjectMaster.app/Contents/Frameworks/SwiftShell.framework/Versions/A'
2019-02-03 18:06:48 +0000  /var/folders/1w/4sc9hdk517nd12m1z04f8l240000gn/T/XcodeDistPipeline.srj/Root/Applications/JercyProjectMaster.app/Contents/Frameworks/SwiftShell.framework/Versions/A: replacing existing signature
2019-02-03 18:06:48 +0000  /var/folders/1w/4sc9hdk517nd12m1z04f8l240000gn/T/XcodeDistPipeline.srj/Root/Applications/JercyProjectMaster.app/Contents/Frameworks/SwiftShell.framework/Versions/A: signed bundle with Mach-O thin (x86_64) [org.cocoapods.SwiftShell]
2019-02-03 18:06:48 +0000  /usr/bin/codesign exited with 0
2019-02-03 18:06:48 +0000  Entitlements for <IDEDistributionItem: 0x7fb8a85b0620 'org.cocoapods.xcodeproj' '<DVTFilePath:0x7fb8a73d4810:'/Users/ijaeseong/Library/Developer/Xcode/Archives/2019-02-04/JercyProjectMaster 04-02-2019, 3.06 AM.xcarchive/Products/Applications/JercyProjectMaster.app/Contents/Frameworks/xcodeproj.framework/Versions/A'>'>: {
}
2019-02-03 18:06:48 +0000  Writing entitlements for <IDEDistributionItem: 0x7fb8a85b0620 'org.cocoapods.xcodeproj' '<DVTFilePath:0x7fb8a73d4810:'/Users/ijaeseong/Library/Developer/Xcode/Archives/2019-02-04/JercyProjectMaster 04-02-2019, 3.06 AM.xcarchive/Products/Applications/JercyProjectMaster.app/Contents/Frameworks/xcodeproj.framework/Versions/A'>'> to: /var/folders/1w/4sc9hdk517nd12m1z04f8l240000gn/T/XcodeDistPipeline.srj/entitlementsfeMVkV
2019-02-03 18:06:48 +0000  Running /usr/bin/codesign '-vvv' '--force' '--sign' '31F790C625973483DA034B9AB32C9EC074FAE3B4' '--entitlements' '/var/folders/1w/4sc9hdk517nd12m1z04f8l240000gn/T/XcodeDistPipeline.srj/entitlementsfeMVkV' '--preserve-metadata=identifier,flags,runtime' '--requirements' '=designated => anchor apple generic  and identifier "$self.identifier" and ((cert leaf[field.1.2.840.113635.100.6.1.9] exists) or ( certificate 1[field.1.2.840.113635.100.6.2.6] exists and certificate leaf[field.1.2.840.113635.100.6.1.13] exists  and certificate leaf[subject.OU] = "TA757FA6NR" ))' '/var/folders/1w/4sc9hdk517nd12m1z04f8l240000gn/T/XcodeDistPipeline.srj/Root/Applications/JercyProjectMaster.app/Contents/Frameworks/xcodeproj.framework/Versions/A'
2019-02-03 18:06:48 +0000  /var/folders/1w/4sc9hdk517nd12m1z04f8l240000gn/T/XcodeDistPipeline.srj/Root/Applications/JercyProjectMaster.app/Contents/Frameworks/xcodeproj.framework/Versions/A: replacing existing signature
2019-02-03 18:06:48 +0000  /var/folders/1w/4sc9hdk517nd12m1z04f8l240000gn/T/XcodeDistPipeline.srj/Root/Applications/JercyProjectMaster.app/Contents/Frameworks/xcodeproj.framework/Versions/A: signed bundle with Mach-O thin (x86_64) [org.cocoapods.xcodeproj]
2019-02-03 18:06:48 +0000  /usr/bin/codesign exited with 0
2019-02-03 18:06:48 +0000  Entitlements for <IDEDistributionItem: 0x7fb8a88f6c20 'com.apple.dt.runtime.swiftAppKit' '<DVTFilePath:0x7fb8a7c548b0:'/Users/ijaeseong/Library/Developer/Xcode/Archives/2019-02-04/JercyProjectMaster 04-02-2019, 3.06 AM.xcarchive/Products/Applications/JercyProjectMaster.app/Contents/Frameworks/libswiftAppKit.dylib'>'>: {
}
2019-02-03 18:06:48 +0000  Writing entitlements for <IDEDistributionItem: 0x7fb8a88f6c20 'com.apple.dt.runtime.swiftAppKit' '<DVTFilePath:0x7fb8a7c548b0:'/Users/ijaeseong/Library/Developer/Xcode/Archives/2019-02-04/JercyProjectMaster 04-02-2019, 3.06 AM.xcarchive/Products/Applications/JercyProjectMaster.app/Contents/Frameworks/libswiftAppKit.dylib'>'> to: /var/folders/1w/4sc9hdk517nd12m1z04f8l240000gn/T/XcodeDistPipeline.srj/entitlements5L7JDE
2019-02-03 18:06:48 +0000  Running /usr/bin/codesign '-vvv' '--force' '--sign' '31F790C625973483DA034B9AB32C9EC074FAE3B4' '--entitlements' '/var/folders/1w/4sc9hdk517nd12m1z04f8l240000gn/T/XcodeDistPipeline.srj/entitlements5L7JDE' '--preserve-metadata=identifier,flags,runtime' '--requirements' '=designated => anchor apple generic  and identifier "$self.identifier" and ((cert leaf[field.1.2.840.113635.100.6.1.9] exists) or ( certificate 1[field.1.2.840.113635.100.6.2.6] exists and certificate leaf[field.1.2.840.113635.100.6.1.13] exists  and certificate leaf[subject.OU] = "TA757FA6NR" ))' '/var/folders/1w/4sc9hdk517nd12m1z04f8l240000gn/T/XcodeDistPipeline.srj/Root/Applications/JercyProjectMaster.app/Contents/Frameworks/libswiftAppKit.dylib'
2019-02-03 18:06:49 +0000  /var/folders/1w/4sc9hdk517nd12m1z04f8l240000gn/T/XcodeDistPipeline.srj/Root/Applications/JercyProjectMaster.app/Contents/Frameworks/libswiftAppKit.dylib: replacing existing signature
2019-02-03 18:06:49 +0000  /var/folders/1w/4sc9hdk517nd12m1z04f8l240000gn/T/XcodeDistPipeline.srj/Root/Applications/JercyProjectMaster.app/Contents/Frameworks/libswiftAppKit.dylib: signed Mach-O thin (x86_64) [com.apple.dt.runtime.swiftAppKit]
2019-02-03 18:06:49 +0000  /usr/bin/codesign exited with 0
2019-02-03 18:06:49 +0000  Entitlements for <IDEDistributionItem: 0x7fb8a72ac150 'com.apple.dt.runtime.swiftCore' '<DVTFilePath:0x7fb8a7ceb800:'/Users/ijaeseong/Library/Developer/Xcode/Archives/2019-02-04/JercyProjectMaster 04-02-2019, 3.06 AM.xcarchive/Products/Applications/JercyProjectMaster.app/Contents/Frameworks/libswiftCore.dylib'>'>: {
}
2019-02-03 18:06:49 +0000  Writing entitlements for <IDEDistributionItem: 0x7fb8a72ac150 'com.apple.dt.runtime.swiftCore' '<DVTFilePath:0x7fb8a7ceb800:'/Users/ijaeseong/Library/Developer/Xcode/Archives/2019-02-04/JercyProjectMaster 04-02-2019, 3.06 AM.xcarchive/Products/Applications/JercyProjectMaster.app/Contents/Frameworks/libswiftCore.dylib'>'> to: /var/folders/1w/4sc9hdk517nd12m1z04f8l240000gn/T/XcodeDistPipeline.srj/entitlementsWXyw8k
2019-02-03 18:06:49 +0000  Running /usr/bin/codesign '-vvv' '--force' '--sign' '31F790C625973483DA034B9AB32C9EC074FAE3B4' '--entitlements' '/var/folders/1w/4sc9hdk517nd12m1z04f8l240000gn/T/XcodeDistPipeline.srj/entitlementsWXyw8k' '--preserve-metadata=identifier,flags,runtime' '--requirements' '=designated => anchor apple generic  and identifier "$self.identifier" and ((cert leaf[field.1.2.840.113635.100.6.1.9] exists) or ( certificate 1[field.1.2.840.113635.100.6.2.6] exists and certificate leaf[field.1.2.840.113635.100.6.1.13] exists  and certificate leaf[subject.OU] = "TA757FA6NR" ))' '/var/folders/1w/4sc9hdk517nd12m1z04f8l240000gn/T/XcodeDistPipeline.srj/Root/Applications/JercyProjectMaster.app/Contents/Frameworks/libswiftCore.dylib'
2019-02-03 18:06:49 +0000  /var/folders/1w/4sc9hdk517nd12m1z04f8l240000gn/T/XcodeDistPipeline.srj/Root/Applications/JercyProjectMaster.app/Contents/Frameworks/libswiftCore.dylib: replacing existing signature
2019-02-03 18:06:49 +0000  /var/folders/1w/4sc9hdk517nd12m1z04f8l240000gn/T/XcodeDistPipeline.srj/Root/Applications/JercyProjectMaster.app/Contents/Frameworks/libswiftCore.dylib: signed Mach-O thin (x86_64) [com.apple.dt.runtime.swiftCore]
2019-02-03 18:06:49 +0000  /usr/bin/codesign exited with 0
2019-02-03 18:06:49 +0000  Entitlements for <IDEDistributionItem: 0x7fb8a7f7c270 'com.apple.dt.runtime.swiftCoreData' '<DVTFilePath:0x7fb8c03795b0:'/Users/ijaeseong/Library/Developer/Xcode/Archives/2019-02-04/JercyProjectMaster 04-02-2019, 3.06 AM.xcarchive/Products/Applications/JercyProjectMaster.app/Contents/Frameworks/libswiftCoreData.dylib'>'>: {
}
2019-02-03 18:06:49 +0000  Writing entitlements for <IDEDistributionItem: 0x7fb8a7f7c270 'com.apple.dt.runtime.swiftCoreData' '<DVTFilePath:0x7fb8c03795b0:'/Users/ijaeseong/Library/Developer/Xcode/Archives/2019-02-04/JercyProjectMaster 04-02-2019, 3.06 AM.xcarchive/Products/Applications/JercyProjectMaster.app/Contents/Frameworks/libswiftCoreData.dylib'>'> to: /var/folders/1w/4sc9hdk517nd12m1z04f8l240000gn/T/XcodeDistPipeline.srj/entitlementsBv3BYz
2019-02-03 18:06:49 +0000  Running /usr/bin/codesign '-vvv' '--force' '--sign' '31F790C625973483DA034B9AB32C9EC074FAE3B4' '--entitlements' '/var/folders/1w/4sc9hdk517nd12m1z04f8l240000gn/T/XcodeDistPipeline.srj/entitlementsBv3BYz' '--preserve-metadata=identifier,flags,runtime' '--requirements' '=designated => anchor apple generic  and identifier "$self.identifier" and ((cert leaf[field.1.2.840.113635.100.6.1.9] exists) or ( certificate 1[field.1.2.840.113635.100.6.2.6] exists and certificate leaf[field.1.2.840.113635.100.6.1.13] exists  and certificate leaf[subject.OU] = "TA757FA6NR" ))' '/var/folders/1w/4sc9hdk517nd12m1z04f8l240000gn/T/XcodeDistPipeline.srj/Root/Applications/JercyProjectMaster.app/Contents/Frameworks/libswiftCoreData.dylib'
2019-02-03 18:06:49 +0000  /var/folders/1w/4sc9hdk517nd12m1z04f8l240000gn/T/XcodeDistPipeline.srj/Root/Applications/JercyProjectMaster.app/Contents/Frameworks/libswiftCoreData.dylib: replacing existing signature
2019-02-03 18:06:50 +0000  /var/folders/1w/4sc9hdk517nd12m1z04f8l240000gn/T/XcodeDistPipeline.srj/Root/Applications/JercyProjectMaster.app/Contents/Frameworks/libswiftCoreData.dylib: signed Mach-O thin (x86_64) [com.apple.dt.runtime.swiftCoreData]
2019-02-03 18:06:50 +0000  /usr/bin/codesign exited with 0
2019-02-03 18:06:50 +0000  Entitlements for <IDEDistributionItem: 0x7fb8a8b371a0 'com.apple.dt.runtime.swiftCoreFoundation' '<DVTFilePath:0x7fb8a73d7580:'/Users/ijaeseong/Library/Developer/Xcode/Archives/2019-02-04/JercyProjectMaster 04-02-2019, 3.06 AM.xcarchive/Products/Applications/JercyProjectMaster.app/Contents/Frameworks/libswiftCoreFoundation.dylib'>'>: {
}
2019-02-03 18:06:50 +0000  Writing entitlements for <IDEDistributionItem: 0x7fb8a8b371a0 'com.apple.dt.runtime.swiftCoreFoundation' '<DVTFilePath:0x7fb8a73d7580:'/Users/ijaeseong/Library/Developer/Xcode/Archives/2019-02-04/JercyProjectMaster 04-02-2019, 3.06 AM.xcarchive/Products/Applications/JercyProjectMaster.app/Contents/Frameworks/libswiftCoreFoundation.dylib'>'> to: /var/folders/1w/4sc9hdk517nd12m1z04f8l240000gn/T/XcodeDistPipeline.srj/entitlementsuLon6I
2019-02-03 18:06:50 +0000  Running /usr/bin/codesign '-vvv' '--force' '--sign' '31F790C625973483DA034B9AB32C9EC074FAE3B4' '--entitlements' '/var/folders/1w/4sc9hdk517nd12m1z04f8l240000gn/T/XcodeDistPipeline.srj/entitlementsuLon6I' '--preserve-metadata=identifier,flags,runtime' '--requirements' '=designated => anchor apple generic  and identifier "$self.identifier" and ((cert leaf[field.1.2.840.113635.100.6.1.9] exists) or ( certificate 1[field.1.2.840.113635.100.6.2.6] exists and certificate leaf[field.1.2.840.113635.100.6.1.13] exists  and certificate leaf[subject.OU] = "TA757FA6NR" ))' '/var/folders/1w/4sc9hdk517nd12m1z04f8l240000gn/T/XcodeDistPipeline.srj/Root/Applications/JercyProjectMaster.app/Contents/Frameworks/libswiftCoreFoundation.dylib'
2019-02-03 18:06:50 +0000  /var/folders/1w/4sc9hdk517nd12m1z04f8l240000gn/T/XcodeDistPipeline.srj/Root/Applications/JercyProjectMaster.app/Contents/Frameworks/libswiftCoreFoundation.dylib: replacing existing signature
2019-02-03 18:06:50 +0000  /var/folders/1w/4sc9hdk517nd12m1z04f8l240000gn/T/XcodeDistPipeline.srj/Root/Applications/JercyProjectMaster.app/Contents/Frameworks/libswiftCoreFoundation.dylib: signed Mach-O thin (x86_64) [com.apple.dt.runtime.swiftCoreFoundation]
2019-02-03 18:06:50 +0000  /usr/bin/codesign exited with 0
2019-02-03 18:06:50 +0000  Entitlements for <IDEDistributionItem: 0x7fb8a83986e0 'com.apple.dt.runtime.swiftCoreGraphics' '<DVTFilePath:0x7fb8a7cd72b0:'/Users/ijaeseong/Library/Developer/Xcode/Archives/2019-02-04/JercyProjectMaster 04-02-2019, 3.06 AM.xcarchive/Products/Applications/JercyProjectMaster.app/Contents/Frameworks/libswiftCoreGraphics.dylib'>'>: {
}
2019-02-03 18:06:50 +0000  Writing entitlements for <IDEDistributionItem: 0x7fb8a83986e0 'com.apple.dt.runtime.swiftCoreGraphics' '<DVTFilePath:0x7fb8a7cd72b0:'/Users/ijaeseong/Library/Developer/Xcode/Archives/2019-02-04/JercyProjectMaster 04-02-2019, 3.06 AM.xcarchive/Products/Applications/JercyProjectMaster.app/Contents/Frameworks/libswiftCoreGraphics.dylib'>'> to: /var/folders/1w/4sc9hdk517nd12m1z04f8l240000gn/T/XcodeDistPipeline.srj/entitlementslG2KHH
2019-02-03 18:06:50 +0000  Running /usr/bin/codesign '-vvv' '--force' '--sign' '31F790C625973483DA034B9AB32C9EC074FAE3B4' '--entitlements' '/var/folders/1w/4sc9hdk517nd12m1z04f8l240000gn/T/XcodeDistPipeline.srj/entitlementslG2KHH' '--preserve-metadata=identifier,flags,runtime' '--requirements' '=designated => anchor apple generic  and identifier "$self.identifier" and ((cert leaf[field.1.2.840.113635.100.6.1.9] exists) or ( certificate 1[field.1.2.840.113635.100.6.2.6] exists and certificate leaf[field.1.2.840.113635.100.6.1.13] exists  and certificate leaf[subject.OU] = "TA757FA6NR" ))' '/var/folders/1w/4sc9hdk517nd12m1z04f8l240000gn/T/XcodeDistPipeline.srj/Root/Applications/JercyProjectMaster.app/Contents/Frameworks/libswiftCoreGraphics.dylib'
2019-02-03 18:06:50 +0000  /var/folders/1w/4sc9hdk517nd12m1z04f8l240000gn/T/XcodeDistPipeline.srj/Root/Applications/JercyProjectMaster.app/Contents/Frameworks/libswiftCoreGraphics.dylib: replacing existing signature
2019-02-03 18:06:50 +0000  /var/folders/1w/4sc9hdk517nd12m1z04f8l240000gn/T/XcodeDistPipeline.srj/Root/Applications/JercyProjectMaster.app/Contents/Frameworks/libswiftCoreGraphics.dylib: signed Mach-O thin (x86_64) [com.apple.dt.runtime.swiftCoreGraphics]
2019-02-03 18:06:50 +0000  /usr/bin/codesign exited with 0
2019-02-03 18:06:50 +0000  Entitlements for <IDEDistributionItem: 0x7fb8bb1636d0 'com.apple.dt.runtime.swiftCoreImage' '<DVTFilePath:0x7fb8a362cb60:'/Users/ijaeseong/Library/Developer/Xcode/Archives/2019-02-04/JercyProjectMaster 04-02-2019, 3.06 AM.xcarchive/Products/Applications/JercyProjectMaster.app/Contents/Frameworks/libswiftCoreImage.dylib'>'>: {
}
2019-02-03 18:06:50 +0000  Writing entitlements for <IDEDistributionItem: 0x7fb8bb1636d0 'com.apple.dt.runtime.swiftCoreImage' '<DVTFilePath:0x7fb8a362cb60:'/Users/ijaeseong/Library/Developer/Xcode/Archives/2019-02-04/JercyProjectMaster 04-02-2019, 3.06 AM.xcarchive/Products/Applications/JercyProjectMaster.app/Contents/Frameworks/libswiftCoreImage.dylib'>'> to: /var/folders/1w/4sc9hdk517nd12m1z04f8l240000gn/T/XcodeDistPipeline.srj/entitlementsV7peHR
2019-02-03 18:06:50 +0000  Running /usr/bin/codesign '-vvv' '--force' '--sign' '31F790C625973483DA034B9AB32C9EC074FAE3B4' '--entitlements' '/var/folders/1w/4sc9hdk517nd12m1z04f8l240000gn/T/XcodeDistPipeline.srj/entitlementsV7peHR' '--preserve-metadata=identifier,flags,runtime' '--requirements' '=designated => anchor apple generic  and identifier "$self.identifier" and ((cert leaf[field.1.2.840.113635.100.6.1.9] exists) or ( certificate 1[field.1.2.840.113635.100.6.2.6] exists and certificate leaf[field.1.2.840.113635.100.6.1.13] exists  and certificate leaf[subject.OU] = "TA757FA6NR" ))' '/var/folders/1w/4sc9hdk517nd12m1z04f8l240000gn/T/XcodeDistPipeline.srj/Root/Applications/JercyProjectMaster.app/Contents/Frameworks/libswiftCoreImage.dylib'
2019-02-03 18:06:50 +0000  /var/folders/1w/4sc9hdk517nd12m1z04f8l240000gn/T/XcodeDistPipeline.srj/Root/Applications/JercyProjectMaster.app/Contents/Frameworks/libswiftCoreImage.dylib: replacing existing signature
2019-02-03 18:06:51 +0000  /var/folders/1w/4sc9hdk517nd12m1z04f8l240000gn/T/XcodeDistPipeline.srj/Root/Applications/JercyProjectMaster.app/Contents/Frameworks/libswiftCoreImage.dylib: signed Mach-O thin (x86_64) [com.apple.dt.runtime.swiftCoreImage]
2019-02-03 18:06:51 +0000  /usr/bin/codesign exited with 0
2019-02-03 18:06:51 +0000  Entitlements for <IDEDistributionItem: 0x7fb8bc8989b0 'com.apple.dt.runtime.swiftDarwin' '<DVTFilePath:0x7fb8a7cb3700:'/Users/ijaeseong/Library/Developer/Xcode/Archives/2019-02-04/JercyProjectMaster 04-02-2019, 3.06 AM.xcarchive/Products/Applications/JercyProjectMaster.app/Contents/Frameworks/libswiftDarwin.dylib'>'>: {
}
2019-02-03 18:06:51 +0000  Writing entitlements for <IDEDistributionItem: 0x7fb8bc8989b0 'com.apple.dt.runtime.swiftDarwin' '<DVTFilePath:0x7fb8a7cb3700:'/Users/ijaeseong/Library/Developer/Xcode/Archives/2019-02-04/JercyProjectMaster 04-02-2019, 3.06 AM.xcarchive/Products/Applications/JercyProjectMaster.app/Contents/Frameworks/libswiftDarwin.dylib'>'> to: /var/folders/1w/4sc9hdk517nd12m1z04f8l240000gn/T/XcodeDistPipeline.srj/entitlements5eA2lJ
2019-02-03 18:06:51 +0000  Running /usr/bin/codesign '-vvv' '--force' '--sign' '31F790C625973483DA034B9AB32C9EC074FAE3B4' '--entitlements' '/var/folders/1w/4sc9hdk517nd12m1z04f8l240000gn/T/XcodeDistPipeline.srj/entitlements5eA2lJ' '--preserve-metadata=identifier,flags,runtime' '--requirements' '=designated => anchor apple generic  and identifier "$self.identifier" and ((cert leaf[field.1.2.840.113635.100.6.1.9] exists) or ( certificate 1[field.1.2.840.113635.100.6.2.6] exists and certificate leaf[field.1.2.840.113635.100.6.1.13] exists  and certificate leaf[subject.OU] = "TA757FA6NR" ))' '/var/folders/1w/4sc9hdk517nd12m1z04f8l240000gn/T/XcodeDistPipeline.srj/Root/Applications/JercyProjectMaster.app/Contents/Frameworks/libswiftDarwin.dylib'
2019-02-03 18:06:51 +0000  /var/folders/1w/4sc9hdk517nd12m1z04f8l240000gn/T/XcodeDistPipeline.srj/Root/Applications/JercyProjectMaster.app/Contents/Frameworks/libswiftDarwin.dylib: replacing existing signature
2019-02-03 18:06:51 +0000  /var/folders/1w/4sc9hdk517nd12m1z04f8l240000gn/T/XcodeDistPipeline.srj/Root/Applications/JercyProjectMaster.app/Contents/Frameworks/libswiftDarwin.dylib: signed Mach-O thin (x86_64) [com.apple.dt.runtime.swiftDarwin]
2019-02-03 18:06:51 +0000  /usr/bin/codesign exited with 0
2019-02-03 18:06:51 +0000  Entitlements for <IDEDistributionItem: 0x7fb8a8d00840 'com.apple.dt.runtime.swiftDispatch' '<DVTFilePath:0x7fb8a8097b80:'/Users/ijaeseong/Library/Developer/Xcode/Archives/2019-02-04/JercyProjectMaster 04-02-2019, 3.06 AM.xcarchive/Products/Applications/JercyProjectMaster.app/Contents/Frameworks/libswiftDispatch.dylib'>'>: {
}
2019-02-03 18:06:51 +0000  Writing entitlements for <IDEDistributionItem: 0x7fb8a8d00840 'com.apple.dt.runtime.swiftDispatch' '<DVTFilePath:0x7fb8a8097b80:'/Users/ijaeseong/Library/Developer/Xcode/Archives/2019-02-04/JercyProjectMaster 04-02-2019, 3.06 AM.xcarchive/Products/Applications/JercyProjectMaster.app/Contents/Frameworks/libswiftDispatch.dylib'>'> to: /var/folders/1w/4sc9hdk517nd12m1z04f8l240000gn/T/XcodeDistPipeline.srj/entitlementsDSi7mx
2019-02-03 18:06:51 +0000  Running /usr/bin/codesign '-vvv' '--force' '--sign' '31F790C625973483DA034B9AB32C9EC074FAE3B4' '--entitlements' '/var/folders/1w/4sc9hdk517nd12m1z04f8l240000gn/T/XcodeDistPipeline.srj/entitlementsDSi7mx' '--preserve-metadata=identifier,flags,runtime' '--requirements' '=designated => anchor apple generic  and identifier "$self.identifier" and ((cert leaf[field.1.2.840.113635.100.6.1.9] exists) or ( certificate 1[field.1.2.840.113635.100.6.2.6] exists and certificate leaf[field.1.2.840.113635.100.6.1.13] exists  and certificate leaf[subject.OU] = "TA757FA6NR" ))' '/var/folders/1w/4sc9hdk517nd12m1z04f8l240000gn/T/XcodeDistPipeline.srj/Root/Applications/JercyProjectMaster.app/Contents/Frameworks/libswiftDispatch.dylib'
2019-02-03 18:06:51 +0000  /var/folders/1w/4sc9hdk517nd12m1z04f8l240000gn/T/XcodeDistPipeline.srj/Root/Applications/JercyProjectMaster.app/Contents/Frameworks/libswiftDispatch.dylib: replacing existing signature
2019-02-03 18:06:51 +0000  /var/folders/1w/4sc9hdk517nd12m1z04f8l240000gn/T/XcodeDistPipeline.srj/Root/Applications/JercyProjectMaster.app/Contents/Frameworks/libswiftDispatch.dylib: signed Mach-O thin (x86_64) [com.apple.dt.runtime.swiftDispatch]
2019-02-03 18:06:51 +0000  /usr/bin/codesign exited with 0
2019-02-03 18:06:51 +0000  Entitlements for <IDEDistributionItem: 0x7fb8bb630930 'com.apple.dt.runtime.swiftFoundation' '<DVTFilePath:0x7fb8a7a32870:'/Users/ijaeseong/Library/Developer/Xcode/Archives/2019-02-04/JercyProjectMaster 04-02-2019, 3.06 AM.xcarchive/Products/Applications/JercyProjectMaster.app/Contents/Frameworks/libswiftFoundation.dylib'>'>: {
}
2019-02-03 18:06:51 +0000  Writing entitlements for <IDEDistributionItem: 0x7fb8bb630930 'com.apple.dt.runtime.swiftFoundation' '<DVTFilePath:0x7fb8a7a32870:'/Users/ijaeseong/Library/Developer/Xcode/Archives/2019-02-04/JercyProjectMaster 04-02-2019, 3.06 AM.xcarchive/Products/Applications/JercyProjectMaster.app/Contents/Frameworks/libswiftFoundation.dylib'>'> to: /var/folders/1w/4sc9hdk517nd12m1z04f8l240000gn/T/XcodeDistPipeline.srj/entitlementsBkWTxB
2019-02-03 18:06:51 +0000  Running /usr/bin/codesign '-vvv' '--force' '--sign' '31F790C625973483DA034B9AB32C9EC074FAE3B4' '--entitlements' '/var/folders/1w/4sc9hdk517nd12m1z04f8l240000gn/T/XcodeDistPipeline.srj/entitlementsBkWTxB' '--preserve-metadata=identifier,flags,runtime' '--requirements' '=designated => anchor apple generic  and identifier "$self.identifier" and ((cert leaf[field.1.2.840.113635.100.6.1.9] exists) or ( certificate 1[field.1.2.840.113635.100.6.2.6] exists and certificate leaf[field.1.2.840.113635.100.6.1.13] exists  and certificate leaf[subject.OU] = "TA757FA6NR" ))' '/var/folders/1w/4sc9hdk517nd12m1z04f8l240000gn/T/XcodeDistPipeline.srj/Root/Applications/JercyProjectMaster.app/Contents/Frameworks/libswiftFoundation.dylib'
2019-02-03 18:06:51 +0000  /var/folders/1w/4sc9hdk517nd12m1z04f8l240000gn/T/XcodeDistPipeline.srj/Root/Applications/JercyProjectMaster.app/Contents/Frameworks/libswiftFoundation.dylib: replacing existing signature
2019-02-03 18:06:52 +0000  /var/folders/1w/4sc9hdk517nd12m1z04f8l240000gn/T/XcodeDistPipeline.srj/Root/Applications/JercyProjectMaster.app/Contents/Frameworks/libswiftFoundation.dylib: signed Mach-O thin (x86_64) [com.apple.dt.runtime.swiftFoundation]
2019-02-03 18:06:52 +0000  /usr/bin/codesign exited with 0
2019-02-03 18:06:52 +0000  Entitlements for <IDEDistributionItem: 0x7fb8a8697f90 'com.apple.dt.runtime.swiftIOKit' '<DVTFilePath:0x7fb8a7cd75c0:'/Users/ijaeseong/Library/Developer/Xcode/Archives/2019-02-04/JercyProjectMaster 04-02-2019, 3.06 AM.xcarchive/Products/Applications/JercyProjectMaster.app/Contents/Frameworks/libswiftIOKit.dylib'>'>: {
}
2019-02-03 18:06:52 +0000  Writing entitlements for <IDEDistributionItem: 0x7fb8a8697f90 'com.apple.dt.runtime.swiftIOKit' '<DVTFilePath:0x7fb8a7cd75c0:'/Users/ijaeseong/Library/Developer/Xcode/Archives/2019-02-04/JercyProjectMaster 04-02-2019, 3.06 AM.xcarchive/Products/Applications/JercyProjectMaster.app/Contents/Frameworks/libswiftIOKit.dylib'>'> to: /var/folders/1w/4sc9hdk517nd12m1z04f8l240000gn/T/XcodeDistPipeline.srj/entitlementsTx8FzO
2019-02-03 18:06:52 +0000  Running /usr/bin/codesign '-vvv' '--force' '--sign' '31F790C625973483DA034B9AB32C9EC074FAE3B4' '--entitlements' '/var/folders/1w/4sc9hdk517nd12m1z04f8l240000gn/T/XcodeDistPipeline.srj/entitlementsTx8FzO' '--preserve-metadata=identifier,flags,runtime' '--requirements' '=designated => anchor apple generic  and identifier "$self.identifier" and ((cert leaf[field.1.2.840.113635.100.6.1.9] exists) or ( certificate 1[field.1.2.840.113635.100.6.2.6] exists and certificate leaf[field.1.2.840.113635.100.6.1.13] exists  and certificate leaf[subject.OU] = "TA757FA6NR" ))' '/var/folders/1w/4sc9hdk517nd12m1z04f8l240000gn/T/XcodeDistPipeline.srj/Root/Applications/JercyProjectMaster.app/Contents/Frameworks/libswiftIOKit.dylib'
2019-02-03 18:06:52 +0000  /var/folders/1w/4sc9hdk517nd12m1z04f8l240000gn/T/XcodeDistPipeline.srj/Root/Applications/JercyProjectMaster.app/Contents/Frameworks/libswiftIOKit.dylib: replacing existing signature
2019-02-03 18:06:52 +0000  /var/folders/1w/4sc9hdk517nd12m1z04f8l240000gn/T/XcodeDistPipeline.srj/Root/Applications/JercyProjectMaster.app/Contents/Frameworks/libswiftIOKit.dylib: signed Mach-O thin (x86_64) [com.apple.dt.runtime.swiftIOKit]
2019-02-03 18:06:52 +0000  /usr/bin/codesign exited with 0
2019-02-03 18:06:52 +0000  Entitlements for <IDEDistributionItem: 0x7fb8a8856410 'com.apple.dt.runtime.swiftMetal' '<DVTFilePath:0x7fb8c0374580:'/Users/ijaeseong/Library/Developer/Xcode/Archives/2019-02-04/JercyProjectMaster 04-02-2019, 3.06 AM.xcarchive/Products/Applications/JercyProjectMaster.app/Contents/Frameworks/libswiftMetal.dylib'>'>: {
}
2019-02-03 18:06:52 +0000  Writing entitlements for <IDEDistributionItem: 0x7fb8a8856410 'com.apple.dt.runtime.swiftMetal' '<DVTFilePath:0x7fb8c0374580:'/Users/ijaeseong/Library/Developer/Xcode/Archives/2019-02-04/JercyProjectMaster 04-02-2019, 3.06 AM.xcarchive/Products/Applications/JercyProjectMaster.app/Contents/Frameworks/libswiftMetal.dylib'>'> to: /var/folders/1w/4sc9hdk517nd12m1z04f8l240000gn/T/XcodeDistPipeline.srj/entitlementswjCIiN
2019-02-03 18:06:52 +0000  Running /usr/bin/codesign '-vvv' '--force' '--sign' '31F790C625973483DA034B9AB32C9EC074FAE3B4' '--entitlements' '/var/folders/1w/4sc9hdk517nd12m1z04f8l240000gn/T/XcodeDistPipeline.srj/entitlementswjCIiN' '--preserve-metadata=identifier,flags,runtime' '--requirements' '=designated => anchor apple generic  and identifier "$self.identifier" and ((cert leaf[field.1.2.840.113635.100.6.1.9] exists) or ( certificate 1[field.1.2.840.113635.100.6.2.6] exists and certificate leaf[field.1.2.840.113635.100.6.1.13] exists  and certificate leaf[subject.OU] = "TA757FA6NR" ))' '/var/folders/1w/4sc9hdk517nd12m1z04f8l240000gn/T/XcodeDistPipeline.srj/Root/Applications/JercyProjectMaster.app/Contents/Frameworks/libswiftMetal.dylib'
2019-02-03 18:06:52 +0000  /var/folders/1w/4sc9hdk517nd12m1z04f8l240000gn/T/XcodeDistPipeline.srj/Root/Applications/JercyProjectMaster.app/Contents/Frameworks/libswiftMetal.dylib: replacing existing signature
2019-02-03 18:06:52 +0000  /var/folders/1w/4sc9hdk517nd12m1z04f8l240000gn/T/XcodeDistPipeline.srj/Root/Applications/JercyProjectMaster.app/Contents/Frameworks/libswiftMetal.dylib: signed Mach-O thin (x86_64) [com.apple.dt.runtime.swiftMetal]
2019-02-03 18:06:52 +0000  /usr/bin/codesign exited with 0
2019-02-03 18:06:52 +0000  Entitlements for <IDEDistributionItem: 0x7fb8a865e570 'com.apple.dt.runtime.swiftObjectiveC' '<DVTFilePath:0x7fb8a76b5950:'/Users/ijaeseong/Library/Developer/Xcode/Archives/2019-02-04/JercyProjectMaster 04-02-2019, 3.06 AM.xcarchive/Products/Applications/JercyProjectMaster.app/Contents/Frameworks/libswiftObjectiveC.dylib'>'>: {
}
2019-02-03 18:06:52 +0000  Writing entitlements for <IDEDistributionItem: 0x7fb8a865e570 'com.apple.dt.runtime.swiftObjectiveC' '<DVTFilePath:0x7fb8a76b5950:'/Users/ijaeseong/Library/Developer/Xcode/Archives/2019-02-04/JercyProjectMaster 04-02-2019, 3.06 AM.xcarchive/Products/Applications/JercyProjectMaster.app/Contents/Frameworks/libswiftObjectiveC.dylib'>'> to: /var/folders/1w/4sc9hdk517nd12m1z04f8l240000gn/T/XcodeDistPipeline.srj/entitlementsTTJWvK
2019-02-03 18:06:52 +0000  Running /usr/bin/codesign '-vvv' '--force' '--sign' '31F790C625973483DA034B9AB32C9EC074FAE3B4' '--entitlements' '/var/folders/1w/4sc9hdk517nd12m1z04f8l240000gn/T/XcodeDistPipeline.srj/entitlementsTTJWvK' '--preserve-metadata=identifier,flags,runtime' '--requirements' '=designated => anchor apple generic  and identifier "$self.identifier" and ((cert leaf[field.1.2.840.113635.100.6.1.9] exists) or ( certificate 1[field.1.2.840.113635.100.6.2.6] exists and certificate leaf[field.1.2.840.113635.100.6.1.13] exists  and certificate leaf[subject.OU] = "TA757FA6NR" ))' '/var/folders/1w/4sc9hdk517nd12m1z04f8l240000gn/T/XcodeDistPipeline.srj/Root/Applications/JercyProjectMaster.app/Contents/Frameworks/libswiftObjectiveC.dylib'
2019-02-03 18:06:53 +0000  /var/folders/1w/4sc9hdk517nd12m1z04f8l240000gn/T/XcodeDistPipeline.srj/Root/Applications/JercyProjectMaster.app/Contents/Frameworks/libswiftObjectiveC.dylib: replacing existing signature
2019-02-03 18:06:53 +0000  /var/folders/1w/4sc9hdk517nd12m1z04f8l240000gn/T/XcodeDistPipeline.srj/Root/Applications/JercyProjectMaster.app/Contents/Frameworks/libswiftObjectiveC.dylib: signed Mach-O thin (x86_64) [com.apple.dt.runtime.swiftObjectiveC]
2019-02-03 18:06:53 +0000  /usr/bin/codesign exited with 0
2019-02-03 18:06:53 +0000  Entitlements for <IDEDistributionItem: 0x7fb8a7ece740 'com.apple.dt.runtime.swiftQuartzCore' '<DVTFilePath:0x7fb8a8019f30:'/Users/ijaeseong/Library/Developer/Xcode/Archives/2019-02-04/JercyProjectMaster 04-02-2019, 3.06 AM.xcarchive/Products/Applications/JercyProjectMaster.app/Contents/Frameworks/libswiftQuartzCore.dylib'>'>: {
}
2019-02-03 18:06:53 +0000  Writing entitlements for <IDEDistributionItem: 0x7fb8a7ece740 'com.apple.dt.runtime.swiftQuartzCore' '<DVTFilePath:0x7fb8a8019f30:'/Users/ijaeseong/Library/Developer/Xcode/Archives/2019-02-04/JercyProjectMaster 04-02-2019, 3.06 AM.xcarchive/Products/Applications/JercyProjectMaster.app/Contents/Frameworks/libswiftQuartzCore.dylib'>'> to: /var/folders/1w/4sc9hdk517nd12m1z04f8l240000gn/T/XcodeDistPipeline.srj/entitlementsrkKivQ
2019-02-03 18:06:53 +0000  Running /usr/bin/codesign '-vvv' '--force' '--sign' '31F790C625973483DA034B9AB32C9EC074FAE3B4' '--entitlements' '/var/folders/1w/4sc9hdk517nd12m1z04f8l240000gn/T/XcodeDistPipeline.srj/entitlementsrkKivQ' '--preserve-metadata=identifier,flags,runtime' '--requirements' '=designated => anchor apple generic  and identifier "$self.identifier" and ((cert leaf[field.1.2.840.113635.100.6.1.9] exists) or ( certificate 1[field.1.2.840.113635.100.6.2.6] exists and certificate leaf[field.1.2.840.113635.100.6.1.13] exists  and certificate leaf[subject.OU] = "TA757FA6NR" ))' '/var/folders/1w/4sc9hdk517nd12m1z04f8l240000gn/T/XcodeDistPipeline.srj/Root/Applications/JercyProjectMaster.app/Contents/Frameworks/libswiftQuartzCore.dylib'
2019-02-03 18:06:53 +0000  /var/folders/1w/4sc9hdk517nd12m1z04f8l240000gn/T/XcodeDistPipeline.srj/Root/Applications/JercyProjectMaster.app/Contents/Frameworks/libswiftQuartzCore.dylib: replacing existing signature
2019-02-03 18:06:53 +0000  /var/folders/1w/4sc9hdk517nd12m1z04f8l240000gn/T/XcodeDistPipeline.srj/Root/Applications/JercyProjectMaster.app/Contents/Frameworks/libswiftQuartzCore.dylib: signed Mach-O thin (x86_64) [com.apple.dt.runtime.swiftQuartzCore]
2019-02-03 18:06:53 +0000  /usr/bin/codesign exited with 0
2019-02-03 18:06:53 +0000  Entitlements for <IDEDistributionItem: 0x7fb8a83ed640 'com.apple.dt.runtime.swiftXPC' '<DVTFilePath:0x7fb8a7cda270:'/Users/ijaeseong/Library/Developer/Xcode/Archives/2019-02-04/JercyProjectMaster 04-02-2019, 3.06 AM.xcarchive/Products/Applications/JercyProjectMaster.app/Contents/Frameworks/libswiftXPC.dylib'>'>: {
}
2019-02-03 18:06:53 +0000  Writing entitlements for <IDEDistributionItem: 0x7fb8a83ed640 'com.apple.dt.runtime.swiftXPC' '<DVTFilePath:0x7fb8a7cda270:'/Users/ijaeseong/Library/Developer/Xcode/Archives/2019-02-04/JercyProjectMaster 04-02-2019, 3.06 AM.xcarchive/Products/Applications/JercyProjectMaster.app/Contents/Frameworks/libswiftXPC.dylib'>'> to: /var/folders/1w/4sc9hdk517nd12m1z04f8l240000gn/T/XcodeDistPipeline.srj/entitlements8USiUn
2019-02-03 18:06:53 +0000  Running /usr/bin/codesign '-vvv' '--force' '--sign' '31F790C625973483DA034B9AB32C9EC074FAE3B4' '--entitlements' '/var/folders/1w/4sc9hdk517nd12m1z04f8l240000gn/T/XcodeDistPipeline.srj/entitlements8USiUn' '--preserve-metadata=identifier,flags,runtime' '--requirements' '=designated => anchor apple generic  and identifier "$self.identifier" and ((cert leaf[field.1.2.840.113635.100.6.1.9] exists) or ( certificate 1[field.1.2.840.113635.100.6.2.6] exists and certificate leaf[field.1.2.840.113635.100.6.1.13] exists  and certificate leaf[subject.OU] = "TA757FA6NR" ))' '/var/folders/1w/4sc9hdk517nd12m1z04f8l240000gn/T/XcodeDistPipeline.srj/Root/Applications/JercyProjectMaster.app/Contents/Frameworks/libswiftXPC.dylib'
2019-02-03 18:06:53 +0000  /var/folders/1w/4sc9hdk517nd12m1z04f8l240000gn/T/XcodeDistPipeline.srj/Root/Applications/JercyProjectMaster.app/Contents/Frameworks/libswiftXPC.dylib: replacing existing signature
2019-02-03 18:06:53 +0000  /var/folders/1w/4sc9hdk517nd12m1z04f8l240000gn/T/XcodeDistPipeline.srj/Root/Applications/JercyProjectMaster.app/Contents/Frameworks/libswiftXPC.dylib: signed Mach-O thin (x86_64) [com.apple.dt.runtime.swiftXPC]
2019-02-03 18:06:53 +0000  /usr/bin/codesign exited with 0
2019-02-03 18:06:53 +0000  Entitlements for <IDEDistributionItem: 0x7fb8a78f32d0 'com.apple.dt.runtime.swiftos' '<DVTFilePath:0x7fb8a76553f0:'/Users/ijaeseong/Library/Developer/Xcode/Archives/2019-02-04/JercyProjectMaster 04-02-2019, 3.06 AM.xcarchive/Products/Applications/JercyProjectMaster.app/Contents/Frameworks/libswiftos.dylib'>'>: {
}
2019-02-03 18:06:53 +0000  Writing entitlements for <IDEDistributionItem: 0x7fb8a78f32d0 'com.apple.dt.runtime.swiftos' '<DVTFilePath:0x7fb8a76553f0:'/Users/ijaeseong/Library/Developer/Xcode/Archives/2019-02-04/JercyProjectMaster 04-02-2019, 3.06 AM.xcarchive/Products/Applications/JercyProjectMaster.app/Contents/Frameworks/libswiftos.dylib'>'> to: /var/folders/1w/4sc9hdk517nd12m1z04f8l240000gn/T/XcodeDistPipeline.srj/entitlements0epkPI
2019-02-03 18:06:53 +0000  Running /usr/bin/codesign '-vvv' '--force' '--sign' '31F790C625973483DA034B9AB32C9EC074FAE3B4' '--entitlements' '/var/folders/1w/4sc9hdk517nd12m1z04f8l240000gn/T/XcodeDistPipeline.srj/entitlements0epkPI' '--preserve-metadata=identifier,flags,runtime' '--requirements' '=designated => anchor apple generic  and identifier "$self.identifier" and ((cert leaf[field.1.2.840.113635.100.6.1.9] exists) or ( certificate 1[field.1.2.840.113635.100.6.2.6] exists and certificate leaf[field.1.2.840.113635.100.6.1.13] exists  and certificate leaf[subject.OU] = "TA757FA6NR" ))' '/var/folders/1w/4sc9hdk517nd12m1z04f8l240000gn/T/XcodeDistPipeline.srj/Root/Applications/JercyProjectMaster.app/Contents/Frameworks/libswiftos.dylib'
2019-02-03 18:06:54 +0000  /var/folders/1w/4sc9hdk517nd12m1z04f8l240000gn/T/XcodeDistPipeline.srj/Root/Applications/JercyProjectMaster.app/Contents/Frameworks/libswiftos.dylib: replacing existing signature
2019-02-03 18:06:54 +0000  /var/folders/1w/4sc9hdk517nd12m1z04f8l240000gn/T/XcodeDistPipeline.srj/Root/Applications/JercyProjectMaster.app/Contents/Frameworks/libswiftos.dylib: signed Mach-O thin (x86_64) [com.apple.dt.runtime.swiftos]
2019-02-03 18:06:54 +0000  /usr/bin/codesign exited with 0
2019-02-03 18:06:54 +0000  Entitlements for <IDEDistributionItem: 0x7fb8a8d56ad0 'kr.co.jercy.JercyProjectMaster' '<DVTFilePath:0x7fb8a8664120:'/Users/ijaeseong/Library/Developer/Xcode/Archives/2019-02-04/JercyProjectMaster 04-02-2019, 3.06 AM.xcarchive/Products/Applications/JercyProjectMaster.app'>'>: {
}
2019-02-03 18:06:54 +0000  Writing entitlements for <IDEDistributionItem: 0x7fb8a8d56ad0 'kr.co.jercy.JercyProjectMaster' '<DVTFilePath:0x7fb8a8664120:'/Users/ijaeseong/Library/Developer/Xcode/Archives/2019-02-04/JercyProjectMaster 04-02-2019, 3.06 AM.xcarchive/Products/Applications/JercyProjectMaster.app'>'> to: /var/folders/1w/4sc9hdk517nd12m1z04f8l240000gn/T/XcodeDistPipeline.srj/entitlementsyWs2Nx
2019-02-03 18:06:54 +0000  Running /usr/bin/codesign '-vvv' '--force' '--sign' '31F790C625973483DA034B9AB32C9EC074FAE3B4' '--entitlements' '/var/folders/1w/4sc9hdk517nd12m1z04f8l240000gn/T/XcodeDistPipeline.srj/entitlementsyWs2Nx' '--preserve-metadata=identifier,flags,runtime' '--requirements' '=designated => anchor apple generic  and identifier "$self.identifier" and ((cert leaf[field.1.2.840.113635.100.6.1.9] exists) or ( certificate 1[field.1.2.840.113635.100.6.2.6] exists and certificate leaf[field.1.2.840.113635.100.6.1.13] exists  and certificate leaf[subject.OU] = "TA757FA6NR" ))' '/var/folders/1w/4sc9hdk517nd12m1z04f8l240000gn/T/XcodeDistPipeline.srj/Root/Applications/JercyProjectMaster.app'
2019-02-03 18:06:54 +0000  /var/folders/1w/4sc9hdk517nd12m1z04f8l240000gn/T/XcodeDistPipeline.srj/Root/Applications/JercyProjectMaster.app: replacing existing signature
2019-02-03 18:06:54 +0000  /var/folders/1w/4sc9hdk517nd12m1z04f8l240000gn/T/XcodeDistPipeline.srj/Root/Applications/JercyProjectMaster.app: signed app bundle with Mach-O thin (x86_64) [kr.co.jercy.JercyProjectMaster]
2019-02-03 18:06:54 +0000  /usr/bin/codesign exited with 0
2019-02-03 18:06:54 +0000  Processing step: IDEDistributionZipODRItemStep
2019-02-03 18:06:54 +0000  Skipping step: IDEDistributionZipODRItemStep because it said so
2019-02-03 18:06:54 +0000  Skipping step: IDEDistributionZipODRItemStep because it said so
2019-02-03 18:06:54 +0000  Skipping step: IDEDistributionZipODRItemStep because it said so
2019-02-03 18:06:54 +0000  Skipping step: IDEDistributionZipODRItemStep because it said so
2019-02-03 18:06:54 +0000  Skipping step: IDEDistributionZipODRItemStep because it said so
2019-02-03 18:06:54 +0000  Skipping step: IDEDistributionZipODRItemStep because it said so
2019-02-03 18:06:54 +0000  Skipping step: IDEDistributionZipODRItemStep because it said so
2019-02-03 18:06:54 +0000  Skipping step: IDEDistributionZipODRItemStep because it said so
2019-02-03 18:06:54 +0000  Skipping step: IDEDistributionZipODRItemStep because it said so
2019-02-03 18:06:54 +0000  Skipping step: IDEDistributionZipODRItemStep because it said so
2019-02-03 18:06:54 +0000  Skipping step: IDEDistributionZipODRItemStep because it said so
2019-02-03 18:06:54 +0000  Skipping step: IDEDistributionZipODRItemStep because it said so
2019-02-03 18:06:54 +0000  Skipping step: IDEDistributionZipODRItemStep because it said so
2019-02-03 18:06:54 +0000  Skipping step: IDEDistributionZipODRItemStep because it said so
2019-02-03 18:06:54 +0000  Skipping step: IDEDistributionZipODRItemStep because it said so
2019-02-03 18:06:54 +0000  Skipping step: IDEDistributionZipODRItemStep because it said so
2019-02-03 18:06:54 +0000  Skipping step: IDEDistributionZipODRItemStep because it said so
2019-02-03 18:06:54 +0000  Skipping step: IDEDistributionZipODRItemStep because it said so
2019-02-03 18:06:54 +0000  Skipping step: IDEDistributionZipODRItemStep because it said so
2019-02-03 18:06:54 +0000  Skipping step: IDEDistributionZipODRItemStep because it said so
2019-02-03 18:06:54 +0000  Processing step: IDEDistributionSkipPackagingStep
2019-02-03 18:06:54 +0000  Processing step: IDEDistributionAppStoreInformationStep
2019-02-03 18:06:54 +0000  Skipping step: IDEDistributionAppStoreInformationStep because it said so
2019-02-03 18:06:54 +0000  Processing step: IDEDistributionCreateManifestStep
2019-02-03 18:06:54 +0000  Skipping step: IDEDistributionCreateManifestStep because it said so
